[debug] [2023-10-18T22:02:03.372Z] ----------------------------------------------------------------------
[debug] [2023-10-18T22:02:03.373Z] Command:       /Users/carlosalvarado/.nvm/versions/node/v20.0.0/bin/node /Users/carlosalvarado/.nvm/versions/node/v20.0.0/bin/firebase deploy --only functions
[debug] [2023-10-18T22:02:03.374Z] CLI Version:   12.4.4
[debug] [2023-10-18T22:02:03.374Z] Platform:      darwin
[debug] [2023-10-18T22:02:03.374Z] Node Version:  v20.0.0
[debug] [2023-10-18T22:02:03.374Z] Time:          Wed Oct 18 2023 16:02:03 GMT-0600 (Central Standard Time)
[debug] [2023-10-18T22:02:03.374Z] ----------------------------------------------------------------------
[debug] 
[debug] [2023-10-18T22:02:03.418Z] > command requires scopes: ["email","openid","https://www.googleapis.com/auth/cloudplatformprojects.readonly","https://www.googleapis.com/auth/firebase","https://www.googleapis.com/auth/cloud-platform"]
[debug] [2023-10-18T22:02:03.418Z] > authorizing via signed-in user (ekos.sv@gmail.com)
[debug] [2023-10-18T22:02:03.419Z] [iam] checking project catalog-12a8d for permissions ["cloudfunctions.functions.create","cloudfunctions.functions.delete","cloudfunctions.functions.get","cloudfunctions.functions.list","cloudfunctions.functions.update","cloudfunctions.operations.get","firebase.projects.get"]
[debug] [2023-10-18T22:02:03.420Z] >>> [apiv2][query] POST https://cloudresourcemanager.googleapis.com/v1/projects/catalog-12a8d:testIamPermissions [none]
[debug] [2023-10-18T22:02:03.420Z] >>> [apiv2][(partial)header] POST https://cloudresourcemanager.googleapis.com/v1/projects/catalog-12a8d:testIamPermissions x-goog-quota-user=projects/catalog-12a8d
[debug] [2023-10-18T22:02:03.420Z] >>> [apiv2][body] POST https://cloudresourcemanager.googleapis.com/v1/projects/catalog-12a8d:testIamPermissions {"permissions":["cloudfunctions.functions.create","cloudfunctions.functions.delete","cloudfunctions.functions.get","cloudfunctions.functions.list","cloudfunctions.functions.update","cloudfunctions.operations.get","firebase.projects.get"]}
[debug] [2023-10-18T22:02:03.754Z] <<< [apiv2][status] POST https://cloudresourcemanager.googleapis.com/v1/projects/catalog-12a8d:testIamPermissions 200
[debug] [2023-10-18T22:02:03.754Z] <<< [apiv2][body] POST https://cloudresourcemanager.googleapis.com/v1/projects/catalog-12a8d:testIamPermissions {"permissions":["cloudfunctions.functions.create","cloudfunctions.functions.delete","cloudfunctions.functions.get","cloudfunctions.functions.list","cloudfunctions.functions.update","cloudfunctions.operations.get","firebase.projects.get"]}
[debug] [2023-10-18T22:02:03.755Z] >>> [apiv2][query] POST https://iam.googleapis.com/v1/projects/catalog-12a8d/serviceAccounts/catalog-12a8d@appspot.gserviceaccount.com:testIamPermissions [none]
[debug] [2023-10-18T22:02:03.755Z] >>> [apiv2][body] POST https://iam.googleapis.com/v1/projects/catalog-12a8d/serviceAccounts/catalog-12a8d@appspot.gserviceaccount.com:testIamPermissions {"permissions":["iam.serviceAccounts.actAs"]}
[debug] [2023-10-18T22:02:04.111Z] <<< [apiv2][status] POST https://iam.googleapis.com/v1/projects/catalog-12a8d/serviceAccounts/catalog-12a8d@appspot.gserviceaccount.com:testIamPermissions 200
[debug] [2023-10-18T22:02:04.111Z] <<< [apiv2][body] POST https://iam.googleapis.com/v1/projects/catalog-12a8d/serviceAccounts/catalog-12a8d@appspot.gserviceaccount.com:testIamPermissions {"permissions":["iam.serviceAccounts.actAs"]}
[info] 
[info] === Deploying to 'catalog-12a8d'...
[info] 
[info] i  deploying functions 
[debug] [2023-10-18T22:02:04.112Z] >>> [apiv2][query] GET https://firebase.googleapis.com/v1beta1/projects/catalog-12a8d [none]
[debug] [2023-10-18T22:02:04.487Z] <<< [apiv2][status] GET https://firebase.googleapis.com/v1beta1/projects/catalog-12a8d 200
[debug] [2023-10-18T22:02:04.487Z] <<< [apiv2][body] GET https://firebase.googleapis.com/v1beta1/projects/catalog-12a8d {"projectId":"catalog-12a8d","projectNumber":"580440551087","displayName":"Catalog","name":"projects/catalog-12a8d","resources":{"hostingSite":"catalog-12a8d"},"state":"ACTIVE","etag":"1_34cc5913-578d-4dbc-9ca3-9ba58b19191a"}
[info] i  functions: preparing codebase default for deployment 
[info] i  functions: ensuring required API cloudfunctions.googleapis.com is enabled... 
[info] i  functions: ensuring required API cloudbuild.googleapis.com is enabled... 
[info] i  artifactregistry: ensuring required API artifactregistry.googleapis.com is enabled... 
[debug] [2023-10-18T22:02:04.489Z] >>> [apiv2][query] GET https://serviceusage.googleapis.com/v1/projects/catalog-12a8d/services/cloudfunctions.googleapis.com [none]
[debug] [2023-10-18T22:02:04.489Z] >>> [apiv2][(partial)header] GET https://serviceusage.googleapis.com/v1/projects/catalog-12a8d/services/cloudfunctions.googleapis.com x-goog-quota-user=projects/catalog-12a8d
[debug] [2023-10-18T22:02:04.490Z] >>> [apiv2][query] GET https://serviceusage.googleapis.com/v1/projects/catalog-12a8d/services/runtimeconfig.googleapis.com [none]
[debug] [2023-10-18T22:02:04.490Z] >>> [apiv2][(partial)header] GET https://serviceusage.googleapis.com/v1/projects/catalog-12a8d/services/runtimeconfig.googleapis.com x-goog-quota-user=projects/catalog-12a8d
[debug] [2023-10-18T22:02:04.490Z] >>> [apiv2][query] GET https://serviceusage.googleapis.com/v1/projects/catalog-12a8d/services/cloudbuild.googleapis.com [none]
[debug] [2023-10-18T22:02:04.490Z] >>> [apiv2][(partial)header] GET https://serviceusage.googleapis.com/v1/projects/catalog-12a8d/services/cloudbuild.googleapis.com x-goog-quota-user=projects/catalog-12a8d
[debug] [2023-10-18T22:02:04.491Z] >>> [apiv2][query] GET https://serviceusage.googleapis.com/v1/projects/catalog-12a8d/services/artifactregistry.googleapis.com [none]
[debug] [2023-10-18T22:02:04.491Z] >>> [apiv2][(partial)header] GET https://serviceusage.googleapis.com/v1/projects/catalog-12a8d/services/artifactregistry.googleapis.com x-goog-quota-user=projects/catalog-12a8d
[debug] [2023-10-18T22:02:06.008Z] <<< [apiv2][status] GET https://serviceusage.googleapis.com/v1/projects/catalog-12a8d/services/cloudbuild.googleapis.com 200
[debug] [2023-10-18T22:02:06.008Z] <<< [apiv2][body] GET https://serviceusage.googleapis.com/v1/projects/catalog-12a8d/services/cloudbuild.googleapis.com [omitted]
[info] ✔  functions: required API cloudbuild.googleapis.com is enabled 
[debug] [2023-10-18T22:02:06.015Z] <<< [apiv2][status] GET https://serviceusage.googleapis.com/v1/projects/catalog-12a8d/services/artifactregistry.googleapis.com 200
[debug] [2023-10-18T22:02:06.015Z] <<< [apiv2][body] GET https://serviceusage.googleapis.com/v1/projects/catalog-12a8d/services/artifactregistry.googleapis.com [omitted]
[info] ✔  artifactregistry: required API artifactregistry.googleapis.com is enabled 
[debug] [2023-10-18T22:02:06.061Z] <<< [apiv2][status] GET https://serviceusage.googleapis.com/v1/projects/catalog-12a8d/services/cloudfunctions.googleapis.com 200
[debug] [2023-10-18T22:02:06.061Z] <<< [apiv2][body] GET https://serviceusage.googleapis.com/v1/projects/catalog-12a8d/services/cloudfunctions.googleapis.com [omitted]
[info] ✔  functions: required API cloudfunctions.googleapis.com is enabled 
[debug] [2023-10-18T22:02:06.144Z] <<< [apiv2][status] GET https://serviceusage.googleapis.com/v1/projects/catalog-12a8d/services/runtimeconfig.googleapis.com 200
[debug] [2023-10-18T22:02:06.144Z] <<< [apiv2][body] GET https://serviceusage.googleapis.com/v1/projects/catalog-12a8d/services/runtimeconfig.googleapis.com [omitted]
[debug] [2023-10-18T22:02:06.145Z] >>> [apiv2][query] GET https://firebase.googleapis.com/v1beta1/projects/catalog-12a8d/adminSdkConfig [none]
[debug] [2023-10-18T22:02:06.392Z] <<< [apiv2][status] GET https://firebase.googleapis.com/v1beta1/projects/catalog-12a8d/adminSdkConfig 200
[debug] [2023-10-18T22:02:06.392Z] <<< [apiv2][body] GET https://firebase.googleapis.com/v1beta1/projects/catalog-12a8d/adminSdkConfig {"projectId":"catalog-12a8d","storageBucket":"catalog-12a8d.appspot.com"}
[debug] [2023-10-18T22:02:06.392Z] >>> [apiv2][query] GET https://runtimeconfig.googleapis.com/v1beta1/projects/catalog-12a8d/configs [none]
[debug] [2023-10-18T22:02:07.742Z] <<< [apiv2][status] GET https://runtimeconfig.googleapis.com/v1beta1/projects/catalog-12a8d/configs 200
[debug] [2023-10-18T22:02:07.742Z] <<< [apiv2][body] GET https://runtimeconfig.googleapis.com/v1beta1/projects/catalog-12a8d/configs {}
[debug] [2023-10-18T22:02:07.743Z] Validating nodejs source
[debug] [2023-10-18T22:02:08.670Z] > [functions] package.json contents: {
  "name": "functions",
  "description": "Cloud Functions for Firebase",
  "scripts": {
    "serve": "firebase emulators:start --only functions",
    "shell": "firebase functions:shell",
    "start": "npm run shell",
    "deploy": "firebase deploy --only functions",
    "logs": "firebase functions:log"
  },
  "engines": {
    "node": "18"
  },
  "main": "index.js",
  "dependencies": {
    "@googlemaps/google-maps-services-js": "^3.3.41",
    "firebase-admin": "^11.8.0",
    "firebase-functions": "^4.3.1"
  },
  "devDependencies": {
    "firebase-functions-test": "^3.1.0"
  },
  "private": true
}
[debug] [2023-10-18T22:02:08.670Z] Building nodejs source
[info] i  functions: Loading and analyzing source code for codebase default to determine what to deploy 
[debug] [2023-10-18T22:02:08.670Z] Could not find functions.yaml. Must use http discovery
[debug] [2023-10-18T22:02:08.674Z] Found firebase-functions binary at '/Users/carlosalvarado/Documents/CARLOS_3_09_23/Current Personal/2023/Consultant/Dev/projects/Take2Go/functions/node_modules/.bin/firebase-functions'
[info] Serving at port 8730

[debug] [2023-10-18T22:02:08.944Z] Got response from /__/functions.yaml {"endpoints":{"geocode":{"availableMemoryMb":null,"timeoutSeconds":null,"minInstances":null,"maxInstances":null,"ingressSettings":null,"concurrency":null,"serviceAccountEmail":null,"vpc":null,"platform":"gcfv2","labels":{},"httpsTrigger":{},"entryPoint":"geocode"},"placesNearby":{"availableMemoryMb":null,"timeoutSeconds":null,"minInstances":null,"maxInstances":null,"ingressSettings":null,"concurrency":null,"serviceAccountEmail":null,"vpc":null,"platform":"gcfv2","labels":{},"httpsTrigger":{},"entryPoint":"placesNearby"}},"specVersion":"v1alpha1","requiredAPIs":[]}
[info] shutdown requested via /__/quitquitquit

[info] i  functions: Loaded environment variables from .env. 
[info] i  functions: preparing functions directory for uploading... 
[info] i  functions: packaged /Users/carlosalvarado/Documents/CARLOS_3_09_23/Current Personal/2023/Consultant/Dev/projects/Take2Go/functions (15.14 MB) for uploading 
[debug] [2023-10-18T22:02:09.597Z] >>> [apiv2][query] GET https://cloudfunctions.googleapis.com/v1/projects/catalog-12a8d/locations/-/functions [none]
[debug] [2023-10-18T22:02:10.702Z] <<< [apiv2][status] GET https://cloudfunctions.googleapis.com/v1/projects/catalog-12a8d/locations/-/functions 200
[debug] [2023-10-18T22:02:10.702Z] <<< [apiv2][body] GET https://cloudfunctions.googleapis.com/v1/projects/catalog-12a8d/locations/-/functions {}
[debug] [2023-10-18T22:02:10.703Z] >>> [apiv2][query] GET https://cloudfunctions.googleapis.com/v2/projects/catalog-12a8d/locations/-/functions filter=environment%3D%22GEN_2%22
[debug] [2023-10-18T22:02:11.273Z] <<< [apiv2][status] GET https://cloudfunctions.googleapis.com/v2/projects/catalog-12a8d/locations/-/functions 200
[debug] [2023-10-18T22:02:11.273Z] <<< [apiv2][body] GET https://cloudfunctions.googleapis.com/v2/projects/catalog-12a8d/locations/-/functions {"functions":[{"name":"projects/catalog-12a8d/locations/us-central1/functions/placesNearby","buildConfig":{"build":"projects/580440551087/locations/us-central1/builds/5d23d816-d688-425e-b198-01592564297a","runtime":"nodejs18","entryPoint":"placesNearby","source":{"storageSource":{"bucket":"gcf-v2-sources-580440551087-us-central1","object":"placesNearby/function-source.zip","generation":"1697482369624562"}},"environmentVariables":{"GOOGLE_NODE_RUN_SCRIPTS":""},"sourceProvenance":{"resolvedStorageSource":{"bucket":"gcf-v2-sources-580440551087-us-central1","object":"placesNearby/function-source.zip","generation":"1697482369624562"}},"dockerRegistry":"ARTIFACT_REGISTRY"},"serviceConfig":{"service":"projects/catalog-12a8d/locations/us-central1/services/placesnearby","timeoutSeconds":60,"environmentVariables":{"FIREBASE_CONFIG":"{\"projectId\":\"catalog-12a8d\",\"storageBucket\":\"catalog-12a8d.appspot.com\"}","GCLOUD_PROJECT":"catalog-12a8d","EVENTARC_CLOUD_EVENT_SOURCE":"projects/catalog-12a8d/locations/us-central1/services/placesNearby"},"maxInstanceCount":100,"ingressSettings":"ALLOW_ALL","uri":"https://placesnearby-4pua46p62a-uc.a.run.app","serviceAccountEmail":"580440551087-compute@developer.gserviceaccount.com","availableMemory":"256Mi","allTrafficOnLatestRevision":true,"revision":"placesnearby-00001-pas","maxInstanceRequestConcurrency":80,"availableCpu":"1"},"state":"ACTIVE","updateTime":"2023-10-18T21:35:23.337753250Z","labels":{"deployment-tool":"cli-firebase","firebase-functions-hash":"23b5c1e330865452d418232b3bb45218cef61580"},"environment":"GEN_2","url":"https://us-central1-catalog-12a8d.cloudfunctions.net/placesNearby"},{"name":"projects/catalog-12a8d/locations/us-central1/functions/geocode","buildConfig":{"build":"projects/580440551087/locations/us-central1/builds/d92b3f67-a3b4-4159-94f7-21eb600526dd","runtime":"nodejs18","entryPoint":"geocode","source":{"storageSource":{"bucket":"gcf-v2-sources-580440551087-us-central1","object":"geocode/function-source.zip","generation":"1697482369727851"}},"environmentVariables":{"GOOGLE_NODE_RUN_SCRIPTS":""},"sourceProvenance":{"resolvedStorageSource":{"bucket":"gcf-v2-sources-580440551087-us-central1","object":"geocode/function-source.zip","generation":"1697482369727851"}},"dockerRegistry":"ARTIFACT_REGISTRY"},"serviceConfig":{"service":"projects/catalog-12a8d/locations/us-central1/services/geocode","timeoutSeconds":60,"environmentVariables":{"FIREBASE_CONFIG":"{\"projectId\":\"catalog-12a8d\",\"storageBucket\":\"catalog-12a8d.appspot.com\"}","GCLOUD_PROJECT":"catalog-12a8d","EVENTARC_CLOUD_EVENT_SOURCE":"projects/catalog-12a8d/locations/us-central1/services/geocode"},"maxInstanceCount":100,"ingressSettings":"ALLOW_ALL","uri":"https://geocode-4pua46p62a-uc.a.run.app","serviceAccountEmail":"580440551087-compute@developer.gserviceaccount.com","availableMemory":"256Mi","allTrafficOnLatestRevision":true,"revision":"geocode-00001-qal","maxInstanceRequestConcurrency":80,"availableCpu":"1"},"state":"ACTIVE","updateTime":"2023-10-18T21:35:25.195807756Z","labels":{"deployment-tool":"cli-firebase","firebase-functions-hash":"23b5c1e330865452d418232b3bb45218cef61580"},"environment":"GEN_2","url":"https://us-central1-catalog-12a8d.cloudfunctions.net/geocode"}]}
[info] i  functions: ensuring required API run.googleapis.com is enabled... 
[info] i  functions: ensuring required API eventarc.googleapis.com is enabled... 
[info] i  functions: ensuring required API pubsub.googleapis.com is enabled... 
[info] i  functions: ensuring required API storage.googleapis.com is enabled... 
[debug] [2023-10-18T22:02:11.276Z] >>> [apiv2][query] GET https://serviceusage.googleapis.com/v1/projects/catalog-12a8d/services/run.googleapis.com [none]
[debug] [2023-10-18T22:02:11.276Z] >>> [apiv2][(partial)header] GET https://serviceusage.googleapis.com/v1/projects/catalog-12a8d/services/run.googleapis.com x-goog-quota-user=projects/catalog-12a8d
[debug] [2023-10-18T22:02:11.277Z] >>> [apiv2][query] GET https://serviceusage.googleapis.com/v1/projects/catalog-12a8d/services/eventarc.googleapis.com [none]
[debug] [2023-10-18T22:02:11.277Z] >>> [apiv2][(partial)header] GET https://serviceusage.googleapis.com/v1/projects/catalog-12a8d/services/eventarc.googleapis.com x-goog-quota-user=projects/catalog-12a8d
[debug] [2023-10-18T22:02:11.277Z] >>> [apiv2][query] GET https://serviceusage.googleapis.com/v1/projects/catalog-12a8d/services/pubsub.googleapis.com [none]
[debug] [2023-10-18T22:02:11.277Z] >>> [apiv2][(partial)header] GET https://serviceusage.googleapis.com/v1/projects/catalog-12a8d/services/pubsub.googleapis.com x-goog-quota-user=projects/catalog-12a8d
[debug] [2023-10-18T22:02:11.278Z] >>> [apiv2][query] GET https://serviceusage.googleapis.com/v1/projects/catalog-12a8d/services/storage.googleapis.com [none]
[debug] [2023-10-18T22:02:11.278Z] >>> [apiv2][(partial)header] GET https://serviceusage.googleapis.com/v1/projects/catalog-12a8d/services/storage.googleapis.com x-goog-quota-user=projects/catalog-12a8d
[debug] [2023-10-18T22:02:11.977Z] <<< [apiv2][status] GET https://serviceusage.googleapis.com/v1/projects/catalog-12a8d/services/eventarc.googleapis.com 200
[debug] [2023-10-18T22:02:11.977Z] <<< [apiv2][body] GET https://serviceusage.googleapis.com/v1/projects/catalog-12a8d/services/eventarc.googleapis.com [omitted]
[info] ✔  functions: required API eventarc.googleapis.com is enabled 
[debug] [2023-10-18T22:02:11.987Z] <<< [apiv2][status] GET https://serviceusage.googleapis.com/v1/projects/catalog-12a8d/services/run.googleapis.com 200
[debug] [2023-10-18T22:02:11.987Z] <<< [apiv2][body] GET https://serviceusage.googleapis.com/v1/projects/catalog-12a8d/services/run.googleapis.com [omitted]
[info] ✔  functions: required API run.googleapis.com is enabled 
[debug] [2023-10-18T22:02:11.988Z] <<< [apiv2][status] GET https://serviceusage.googleapis.com/v1/projects/catalog-12a8d/services/storage.googleapis.com 200
[debug] [2023-10-18T22:02:11.988Z] <<< [apiv2][body] GET https://serviceusage.googleapis.com/v1/projects/catalog-12a8d/services/storage.googleapis.com [omitted]
[info] ✔  functions: required API storage.googleapis.com is enabled 
[debug] [2023-10-18T22:02:12.063Z] <<< [apiv2][status] GET https://serviceusage.googleapis.com/v1/projects/catalog-12a8d/services/pubsub.googleapis.com 200
[debug] [2023-10-18T22:02:12.063Z] <<< [apiv2][body] GET https://serviceusage.googleapis.com/v1/projects/catalog-12a8d/services/pubsub.googleapis.com [omitted]
[info] ✔  functions: required API pubsub.googleapis.com is enabled 
[info] i  functions: generating the service identity for pubsub.googleapis.com... 
[info] i  functions: generating the service identity for eventarc.googleapis.com... 
[debug] [2023-10-18T22:02:12.065Z] >>> [apiv2][query] POST https://serviceusage.googleapis.com/v1beta1/projects/580440551087/services/pubsub.googleapis.com:generateServiceIdentity [none]
[debug] [2023-10-18T22:02:12.065Z] >>> [apiv2][query] POST https://serviceusage.googleapis.com/v1beta1/projects/580440551087/services/eventarc.googleapis.com:generateServiceIdentity [none]
[debug] [2023-10-18T22:02:12.560Z] <<< [apiv2][status] POST https://serviceusage.googleapis.com/v1beta1/projects/580440551087/services/pubsub.googleapis.com:generateServiceIdentity 200
[debug] [2023-10-18T22:02:12.560Z] <<< [apiv2][body] POST https://serviceusage.googleapis.com/v1beta1/projects/580440551087/services/pubsub.googleapis.com:generateServiceIdentity {"name":"operations/finished.DONE_OPERATION","done":true,"response":{"@type":"type.googleapis.com/google.api.serviceusage.v1beta1.ServiceIdentity","email":"service-580440551087@gcp-sa-pubsub.iam.gserviceaccount.com","uniqueId":"116196043253723272482"}}
[debug] [2023-10-18T22:02:12.639Z] <<< [apiv2][status] POST https://serviceusage.googleapis.com/v1beta1/projects/580440551087/services/eventarc.googleapis.com:generateServiceIdentity 200
[debug] [2023-10-18T22:02:12.639Z] <<< [apiv2][body] POST https://serviceusage.googleapis.com/v1beta1/projects/580440551087/services/eventarc.googleapis.com:generateServiceIdentity {"name":"operations/finished.DONE_OPERATION","done":true,"response":{"@type":"type.googleapis.com/google.api.serviceusage.v1beta1.ServiceIdentity","email":"service-580440551087@gcp-sa-eventarc.iam.gserviceaccount.com","uniqueId":"109269955179034144955"}}
[debug] [2023-10-18T22:02:12.642Z] >>> [apiv2][query] GET https://firebase.googleapis.com/v1beta1/projects/catalog-12a8d [none]
[debug] [2023-10-18T22:02:13.140Z] <<< [apiv2][status] GET https://firebase.googleapis.com/v1beta1/projects/catalog-12a8d 200
[debug] [2023-10-18T22:02:13.140Z] <<< [apiv2][body] GET https://firebase.googleapis.com/v1beta1/projects/catalog-12a8d {"projectId":"catalog-12a8d","projectNumber":"580440551087","displayName":"Catalog","name":"projects/catalog-12a8d","resources":{"hostingSite":"catalog-12a8d"},"state":"ACTIVE","etag":"1_34cc5913-578d-4dbc-9ca3-9ba58b19191a"}
[debug] [2023-10-18T22:02:13.141Z] >>> [apiv2][query] POST https://cloudfunctions.googleapis.com/v2/projects/catalog-12a8d/locations/us-central1/functions:generateUploadUrl [none]
[debug] [2023-10-18T22:02:13.549Z] <<< [apiv2][status] POST https://cloudfunctions.googleapis.com/v2/projects/catalog-12a8d/locations/us-central1/functions:generateUploadUrl 200
[debug] [2023-10-18T22:02:13.549Z] <<< [apiv2][body] POST https://cloudfunctions.googleapis.com/v2/projects/catalog-12a8d/locations/us-central1/functions:generateUploadUrl {"uploadUrl":"https://storage.googleapis.com/gcf-v2-uploads-580440551087-us-central1/acbc2295-be65-4436-bf07-e53e29f8caa6.zip?GoogleAccessId=service-580440551087@gcf-admin-robot.iam.gserviceaccount.com&Expires=1697668333&Signature=md12FqDboXZwD4nWTqpnNJml4fW64lhCAgoVvrex0Pal4ytm8O12c3Y0mg1mQdcBk%2BPy65vaN2uv9KSACmsv2iXg2JNVDsgKH9R1e6cmXIJzyi6OCdclJctQdP4CVsY3mH2fs5WKVaaZ0QHZiEbcRWMMarz6QRbzND2%2Bi%2BztYVOgkeoojBsEsjRjp%2Fi8WdUFeLzEobSja4EVLP7cLQx%2B6MRf1TT16bybAP3KGnsjNd19uJiM15IC5pKg%2FGqqiJ%2FELTKRmpmRk00HlCJo6LH%2FJMNhWwc9jVQClYXQPJzqcQSWsWDE4tAJTDhb8szy4VcTMt6fM6zVYDqqQxMZ%2Brt0GA%3D%3D","storageSource":{"bucket":"gcf-v2-uploads-580440551087-us-central1","object":"acbc2295-be65-4436-bf07-e53e29f8caa6.zip"}}
[debug] [2023-10-18T22:02:13.550Z] >>> [apiv2][query] PUT https://storage.googleapis.com/gcf-v2-uploads-580440551087-us-central1/acbc2295-be65-4436-bf07-e53e29f8caa6.zip GoogleAccessId=service-580440551087%40gcf-admin-robot.iam.gserviceaccount.com&Expires=1697668333&Signature=md12FqDboXZwD4nWTqpnNJml4fW64lhCAgoVvrex0Pal4ytm8O12c3Y0mg1mQdcBk%2BPy65vaN2uv9KSACmsv2iXg2JNVDsgKH9R1e6cmXIJzyi6OCdclJctQdP4CVsY3mH2fs5WKVaaZ0QHZiEbcRWMMarz6QRbzND2%2Bi%2BztYVOgkeoojBsEsjRjp%2Fi8WdUFeLzEobSja4EVLP7cLQx%2B6MRf1TT16bybAP3KGnsjNd19uJiM15IC5pKg%2FGqqiJ%2FELTKRmpmRk00HlCJo6LH%2FJMNhWwc9jVQClYXQPJzqcQSWsWDE4tAJTDhb8szy4VcTMt6fM6zVYDqqQxMZ%2Brt0GA%3D%3D
[debug] [2023-10-18T22:02:13.551Z] >>> [apiv2][body] PUT https://storage.googleapis.com/gcf-v2-uploads-580440551087-us-central1/acbc2295-be65-4436-bf07-e53e29f8caa6.zip [stream]
[debug] [2023-10-18T22:02:59.659Z] <<< [apiv2][status] PUT https://storage.googleapis.com/gcf-v2-uploads-580440551087-us-central1/acbc2295-be65-4436-bf07-e53e29f8caa6.zip 200
[debug] [2023-10-18T22:02:59.660Z] <<< [apiv2][body] PUT https://storage.googleapis.com/gcf-v2-uploads-580440551087-us-central1/acbc2295-be65-4436-bf07-e53e29f8caa6.zip [omitted]
[info] ✔  functions: functions folder uploaded successfully 
[info] i  functions: updating Node.js 18 (2nd Gen) function geocode(us-central1)... 
[info] i  functions: updating Node.js 18 (2nd Gen) function placesNearby(us-central1)... 
[debug] [2023-10-18T22:02:59.664Z] >>> [apiv2][query] PATCH https://cloudfunctions.googleapis.com/v2/projects/catalog-12a8d/locations/us-central1/functions/geocode updateMask=name%2CbuildConfig.runtime%2CbuildConfig.entryPoint%2CbuildConfig.source.storageSource.bucket%2CbuildConfig.source.storageSource.object%2CbuildConfig.environmentVariables%2CserviceConfig.environmentVariables%2CserviceConfig.ingressSettings%2CserviceConfig.timeoutSeconds%2CserviceConfig.serviceAccountEmail%2CserviceConfig.availableMemory%2CserviceConfig.minInstanceCount%2CserviceConfig.maxInstanceCount%2CserviceConfig.maxInstanceRequestConcurrency%2CserviceConfig.availableCpu%2CserviceConfig.vpcConnector%2CserviceConfig.vpcConnectorEgressSettings%2Clabels%2CbuildConfig.buildEnvironmentVariables
[debug] [2023-10-18T22:02:59.664Z] >>> [apiv2][body] PATCH https://cloudfunctions.googleapis.com/v2/projects/catalog-12a8d/locations/us-central1/functions/geocode {"name":"projects/catalog-12a8d/locations/us-central1/functions/geocode","buildConfig":{"runtime":"nodejs18","entryPoint":"geocode","source":{"storageSource":{"bucket":"gcf-v2-uploads-580440551087-us-central1","object":"acbc2295-be65-4436-bf07-e53e29f8caa6.zip"}},"environmentVariables":{"GOOGLE_NODE_RUN_SCRIPTS":""}},"serviceConfig":{"environmentVariables":{"MAPS_API_KEY_GCP":"AIzaSyBTcq3aO0Cv4Pv7p5_iT8Gbf6PfKT8MEVM","FIREBASE_CONFIG":"{\"projectId\":\"catalog-12a8d\",\"storageBucket\":\"catalog-12a8d.appspot.com\"}","GCLOUD_PROJECT":"catalog-12a8d","EVENTARC_CLOUD_EVENT_SOURCE":"projects/catalog-12a8d/locations/us-central1/services/geocode"},"ingressSettings":null,"timeoutSeconds":null,"serviceAccountEmail":null,"availableMemory":"256Mi","minInstanceCount":null,"maxInstanceCount":null,"maxInstanceRequestConcurrency":80,"availableCpu":"1","vpcConnector":null,"vpcConnectorEgressSettings":null},"labels":{"deployment-tool":"cli-firebase","firebase-functions-hash":"f880aba25a37d2760be600ea6d6c376064ff7be2"}}
[debug] [2023-10-18T22:02:59.665Z] >>> [apiv2][query] PATCH https://cloudfunctions.googleapis.com/v2/projects/catalog-12a8d/locations/us-central1/functions/placesNearby updateMask=name%2CbuildConfig.runtime%2CbuildConfig.entryPoint%2CbuildConfig.source.storageSource.bucket%2CbuildConfig.source.storageSource.object%2CbuildConfig.environmentVariables%2CserviceConfig.environmentVariables%2CserviceConfig.ingressSettings%2CserviceConfig.timeoutSeconds%2CserviceConfig.serviceAccountEmail%2CserviceConfig.availableMemory%2CserviceConfig.minInstanceCount%2CserviceConfig.maxInstanceCount%2CserviceConfig.maxInstanceRequestConcurrency%2CserviceConfig.availableCpu%2CserviceConfig.vpcConnector%2CserviceConfig.vpcConnectorEgressSettings%2Clabels%2CbuildConfig.buildEnvironmentVariables
[debug] [2023-10-18T22:02:59.665Z] >>> [apiv2][body] PATCH https://cloudfunctions.googleapis.com/v2/projects/catalog-12a8d/locations/us-central1/functions/placesNearby {"name":"projects/catalog-12a8d/locations/us-central1/functions/placesNearby","buildConfig":{"runtime":"nodejs18","entryPoint":"placesNearby","source":{"storageSource":{"bucket":"gcf-v2-uploads-580440551087-us-central1","object":"acbc2295-be65-4436-bf07-e53e29f8caa6.zip"}},"environmentVariables":{"GOOGLE_NODE_RUN_SCRIPTS":""}},"serviceConfig":{"environmentVariables":{"MAPS_API_KEY_GCP":"AIzaSyBTcq3aO0Cv4Pv7p5_iT8Gbf6PfKT8MEVM","FIREBASE_CONFIG":"{\"projectId\":\"catalog-12a8d\",\"storageBucket\":\"catalog-12a8d.appspot.com\"}","GCLOUD_PROJECT":"catalog-12a8d","EVENTARC_CLOUD_EVENT_SOURCE":"projects/catalog-12a8d/locations/us-central1/services/placesNearby"},"ingressSettings":null,"timeoutSeconds":null,"serviceAccountEmail":null,"availableMemory":"256Mi","minInstanceCount":null,"maxInstanceCount":null,"maxInstanceRequestConcurrency":80,"availableCpu":"1","vpcConnector":null,"vpcConnectorEgressSettings":null},"labels":{"deployment-tool":"cli-firebase","firebase-functions-hash":"f880aba25a37d2760be600ea6d6c376064ff7be2"}}
[debug] [2023-10-18T22:03:00.929Z] <<< [apiv2][status] PATCH https://cloudfunctions.googleapis.com/v2/projects/catalog-12a8d/locations/us-central1/functions/placesNearby 200
[debug] [2023-10-18T22:03:00.929Z] <<< [apiv2][body] PATCH https://cloudfunctions.googleapis.com/v2/projects/catalog-12a8d/locations/us-central1/functions/placesNearby {"name":"projects/catalog-12a8d/locations/us-central1/operations/operation-1697666580082-60804cd73eeac-a4ba5d53-efd26ad7","metadata":{"@type":"type.googleapis.com/google.cloud.functions.v2.OperationMetadata","createTime":"2023-10-18T22:03:00.893687483Z","target":"projects/catalog-12a8d/locations/us-central1/functions/placesNearby","verb":"update","cancelRequested":false,"apiVersion":"v2"},"done":false}
[debug] [2023-10-18T22:03:00.930Z] >>> [apiv2][query] GET https://cloudfunctions.googleapis.com/v2/projects/catalog-12a8d/locations/us-central1/operations/operation-1697666580082-60804cd73eeac-a4ba5d53-efd26ad7 [none]
[debug] [2023-10-18T22:03:01.022Z] <<< [apiv2][status] PATCH https://cloudfunctions.googleapis.com/v2/projects/catalog-12a8d/locations/us-central1/functions/geocode 200
[debug] [2023-10-18T22:03:01.022Z] <<< [apiv2][body] PATCH https://cloudfunctions.googleapis.com/v2/projects/catalog-12a8d/locations/us-central1/functions/geocode {"name":"projects/catalog-12a8d/locations/us-central1/operations/operation-1697666580089-60804cd740a6c-12c7a1f7-64efbd74","metadata":{"@type":"type.googleapis.com/google.cloud.functions.v2.OperationMetadata","createTime":"2023-10-18T22:03:00.986301459Z","target":"projects/catalog-12a8d/locations/us-central1/functions/geocode","verb":"update","cancelRequested":false,"apiVersion":"v2"},"done":false}
[debug] [2023-10-18T22:03:01.022Z] >>> [apiv2][query] GET https://cloudfunctions.googleapis.com/v2/projects/catalog-12a8d/locations/us-central1/operations/operation-1697666580089-60804cd740a6c-12c7a1f7-64efbd74 [none]
[debug] [2023-10-18T22:03:01.107Z] <<< [apiv2][status] GET https://cloudfunctions.googleapis.com/v2/projects/catalog-12a8d/locations/us-central1/operations/operation-1697666580082-60804cd73eeac-a4ba5d53-efd26ad7 200
[debug] [2023-10-18T22:03:01.107Z] <<< [apiv2][body] GET https://cloudfunctions.googleapis.com/v2/projects/catalog-12a8d/locations/us-central1/operations/operation-1697666580082-60804cd73eeac-a4ba5d53-efd26ad7 {"name":"projects/catalog-12a8d/locations/us-central1/operations/operation-1697666580082-60804cd73eeac-a4ba5d53-efd26ad7","metadata":{"@type":"type.googleapis.com/google.cloud.functions.v2.OperationMetadata","createTime":"2023-10-18T22:03:00.893687483Z","target":"projects/catalog-12a8d/locations/us-central1/functions/placesNearby","verb":"update","cancelRequested":false,"apiVersion":"v2","requestResource":{"@type":"type.googleapis.com/google.cloud.functions.v2.Function","name":"projects/catalog-12a8d/locations/us-central1/functions/placesNearby","buildConfig":{"runtime":"nodejs18","entryPoint":"placesNearby","source":{"storageSource":{"bucket":"gcf-v2-sources-580440551087-us-central1","object":"placesNearby/function-source.zip","generation":"1697666580858614"}},"environmentVariables":{"GOOGLE_NODE_RUN_SCRIPTS":""},"sourceProvenance":{"resolvedStorageSource":{"bucket":"gcf-v2-sources-580440551087-us-central1","object":"placesNearby/function-source.zip","generation":"1697482369624562"}},"dockerRegistry":"ARTIFACT_REGISTRY"},"serviceConfig":{"service":"projects/catalog-12a8d/locations/us-central1/services/placesnearby","timeoutSeconds":60,"environmentVariables":{"MAPS_API_KEY_GCP":"AIzaSyBTcq3aO0Cv4Pv7p5_iT8Gbf6PfKT8MEVM","FIREBASE_CONFIG":"{\"projectId\":\"catalog-12a8d\",\"storageBucket\":\"catalog-12a8d.appspot.com\"}","GCLOUD_PROJECT":"catalog-12a8d","EVENTARC_CLOUD_EVENT_SOURCE":"projects/catalog-12a8d/locations/us-central1/services/placesNearby"},"maxInstanceCount":100,"ingressSettings":"ALLOW_ALL","uri":"https://placesnearby-4pua46p62a-uc.a.run.app","serviceAccountEmail":"580440551087-compute@developer.gserviceaccount.com","availableMemory":"256Mi","allTrafficOnLatestRevision":true,"revision":"placesnearby-00001-pas","maxInstanceRequestConcurrency":80,"availableCpu":"1"},"state":"ACTIVE","labels":{"deployment-tool":"cli-firebase","firebase-functions-hash":"f880aba25a37d2760be600ea6d6c376064ff7be2"},"environment":"GEN_2","url":"https://us-central1-catalog-12a8d.cloudfunctions.net/placesNearby"},"stages":[{"name":"BUILD","state":"NOT_STARTED"},{"name":"SERVICE","state":"NOT_STARTED"}]},"done":false}
[debug] [2023-10-18T22:03:01.346Z] <<< [apiv2][status] GET https://cloudfunctions.googleapis.com/v2/projects/catalog-12a8d/locations/us-central1/operations/operation-1697666580089-60804cd740a6c-12c7a1f7-64efbd74 200
[debug] [2023-10-18T22:03:01.346Z] <<< [apiv2][body] GET https://cloudfunctions.googleapis.com/v2/projects/catalog-12a8d/locations/us-central1/operations/operation-1697666580089-60804cd740a6c-12c7a1f7-64efbd74 {"name":"projects/catalog-12a8d/locations/us-central1/operations/operation-1697666580089-60804cd740a6c-12c7a1f7-64efbd74","metadata":{"@type":"type.googleapis.com/google.cloud.functions.v2.OperationMetadata","createTime":"2023-10-18T22:03:00.986301459Z","target":"projects/catalog-12a8d/locations/us-central1/functions/geocode","verb":"update","cancelRequested":false,"apiVersion":"v2","requestResource":{"@type":"type.googleapis.com/google.cloud.functions.v2.Function","name":"projects/catalog-12a8d/locations/us-central1/functions/geocode","buildConfig":{"runtime":"nodejs18","entryPoint":"geocode","source":{"storageSource":{"bucket":"gcf-v2-sources-580440551087-us-central1","object":"geocode/function-source.zip","generation":"1697666580946374"}},"environmentVariables":{"GOOGLE_NODE_RUN_SCRIPTS":""},"sourceProvenance":{"resolvedStorageSource":{"bucket":"gcf-v2-sources-580440551087-us-central1","object":"geocode/function-source.zip","generation":"1697482369727851"}},"dockerRegistry":"ARTIFACT_REGISTRY"},"serviceConfig":{"service":"projects/catalog-12a8d/locations/us-central1/services/geocode","timeoutSeconds":60,"environmentVariables":{"MAPS_API_KEY_GCP":"AIzaSyBTcq3aO0Cv4Pv7p5_iT8Gbf6PfKT8MEVM","FIREBASE_CONFIG":"{\"projectId\":\"catalog-12a8d\",\"storageBucket\":\"catalog-12a8d.appspot.com\"}","GCLOUD_PROJECT":"catalog-12a8d","EVENTARC_CLOUD_EVENT_SOURCE":"projects/catalog-12a8d/locations/us-central1/services/geocode"},"maxInstanceCount":100,"ingressSettings":"ALLOW_ALL","uri":"https://geocode-4pua46p62a-uc.a.run.app","serviceAccountEmail":"580440551087-compute@developer.gserviceaccount.com","availableMemory":"256Mi","allTrafficOnLatestRevision":true,"revision":"geocode-00001-qal","maxInstanceRequestConcurrency":80,"availableCpu":"1"},"state":"ACTIVE","labels":{"deployment-tool":"cli-firebase","firebase-functions-hash":"f880aba25a37d2760be600ea6d6c376064ff7be2"},"environment":"GEN_2","url":"https://us-central1-catalog-12a8d.cloudfunctions.net/geocode"},"stages":[{"name":"BUILD","state":"NOT_STARTED"},{"name":"SERVICE","state":"NOT_STARTED"}]},"done":false}
[debug] [2023-10-18T22:03:01.608Z] [update-default-us-central1-placesNearby] Retrying task index 0
[debug] [2023-10-18T22:03:01.609Z] >>> [apiv2][query] GET https://cloudfunctions.googleapis.com/v2/projects/catalog-12a8d/locations/us-central1/operations/operation-1697666580082-60804cd73eeac-a4ba5d53-efd26ad7 [none]
[debug] [2023-10-18T22:03:01.847Z] [update-default-us-central1-geocode] Retrying task index 0
[debug] [2023-10-18T22:03:01.848Z] >>> [apiv2][query] GET https://cloudfunctions.googleapis.com/v2/projects/catalog-12a8d/locations/us-central1/operations/operation-1697666580089-60804cd740a6c-12c7a1f7-64efbd74 [none]
[debug] [2023-10-18T22:03:01.899Z] <<< [apiv2][status] GET https://cloudfunctions.googleapis.com/v2/projects/catalog-12a8d/locations/us-central1/operations/operation-1697666580082-60804cd73eeac-a4ba5d53-efd26ad7 200
[debug] [2023-10-18T22:03:01.899Z] <<< [apiv2][body] GET https://cloudfunctions.googleapis.com/v2/projects/catalog-12a8d/locations/us-central1/operations/operation-1697666580082-60804cd73eeac-a4ba5d53-efd26ad7 {"name":"projects/catalog-12a8d/locations/us-central1/operations/operation-1697666580082-60804cd73eeac-a4ba5d53-efd26ad7","metadata":{"@type":"type.googleapis.com/google.cloud.functions.v2.OperationMetadata","createTime":"2023-10-18T22:03:00.893687483Z","target":"projects/catalog-12a8d/locations/us-central1/functions/placesNearby","verb":"update","cancelRequested":false,"apiVersion":"v2","requestResource":{"@type":"type.googleapis.com/google.cloud.functions.v2.Function","name":"projects/catalog-12a8d/locations/us-central1/functions/placesNearby","buildConfig":{"runtime":"nodejs18","entryPoint":"placesNearby","source":{"storageSource":{"bucket":"gcf-v2-sources-580440551087-us-central1","object":"placesNearby/function-source.zip","generation":"1697666580858614"}},"environmentVariables":{"GOOGLE_NODE_RUN_SCRIPTS":""},"sourceProvenance":{"resolvedStorageSource":{"bucket":"gcf-v2-sources-580440551087-us-central1","object":"placesNearby/function-source.zip","generation":"1697482369624562"}},"dockerRegistry":"ARTIFACT_REGISTRY"},"serviceConfig":{"service":"projects/catalog-12a8d/locations/us-central1/services/placesnearby","timeoutSeconds":60,"environmentVariables":{"MAPS_API_KEY_GCP":"AIzaSyBTcq3aO0Cv4Pv7p5_iT8Gbf6PfKT8MEVM","FIREBASE_CONFIG":"{\"projectId\":\"catalog-12a8d\",\"storageBucket\":\"catalog-12a8d.appspot.com\"}","GCLOUD_PROJECT":"catalog-12a8d","EVENTARC_CLOUD_EVENT_SOURCE":"projects/catalog-12a8d/locations/us-central1/services/placesNearby"},"maxInstanceCount":100,"ingressSettings":"ALLOW_ALL","uri":"https://placesnearby-4pua46p62a-uc.a.run.app","serviceAccountEmail":"580440551087-compute@developer.gserviceaccount.com","availableMemory":"256Mi","allTrafficOnLatestRevision":true,"revision":"placesnearby-00001-pas","maxInstanceRequestConcurrency":80,"availableCpu":"1"},"state":"ACTIVE","labels":{"deployment-tool":"cli-firebase","firebase-functions-hash":"f880aba25a37d2760be600ea6d6c376064ff7be2"},"environment":"GEN_2","url":"https://us-central1-catalog-12a8d.cloudfunctions.net/placesNearby"},"stages":[{"name":"BUILD","message":"Build in progress","state":"IN_PROGRESS","resource":"projects/580440551087/locations/us-central1/builds/97c96d6c-f0ea-44af-995a-ce73133d488a","resourceUri":"https://console.cloud.google.com/cloud-build/builds;region=us-central1/97c96d6c-f0ea-44af-995a-ce73133d488a?project=580440551087"},{"name":"SERVICE","state":"NOT_STARTED"}]},"done":false}
[debug] [2023-10-18T22:03:02.146Z] <<< [apiv2][status] GET https://cloudfunctions.googleapis.com/v2/projects/catalog-12a8d/locations/us-central1/operations/operation-1697666580089-60804cd740a6c-12c7a1f7-64efbd74 200
[debug] [2023-10-18T22:03:02.147Z] <<< [apiv2][body] GET https://cloudfunctions.googleapis.com/v2/projects/catalog-12a8d/locations/us-central1/operations/operation-1697666580089-60804cd740a6c-12c7a1f7-64efbd74 {"name":"projects/catalog-12a8d/locations/us-central1/operations/operation-1697666580089-60804cd740a6c-12c7a1f7-64efbd74","metadata":{"@type":"type.googleapis.com/google.cloud.functions.v2.OperationMetadata","createTime":"2023-10-18T22:03:00.986301459Z","target":"projects/catalog-12a8d/locations/us-central1/functions/geocode","verb":"update","cancelRequested":false,"apiVersion":"v2","requestResource":{"@type":"type.googleapis.com/google.cloud.functions.v2.Function","name":"projects/catalog-12a8d/locations/us-central1/functions/geocode","buildConfig":{"runtime":"nodejs18","entryPoint":"geocode","source":{"storageSource":{"bucket":"gcf-v2-sources-580440551087-us-central1","object":"geocode/function-source.zip","generation":"1697666580946374"}},"environmentVariables":{"GOOGLE_NODE_RUN_SCRIPTS":""},"sourceProvenance":{"resolvedStorageSource":{"bucket":"gcf-v2-sources-580440551087-us-central1","object":"geocode/function-source.zip","generation":"1697482369727851"}},"dockerRegistry":"ARTIFACT_REGISTRY"},"serviceConfig":{"service":"projects/catalog-12a8d/locations/us-central1/services/geocode","timeoutSeconds":60,"environmentVariables":{"MAPS_API_KEY_GCP":"AIzaSyBTcq3aO0Cv4Pv7p5_iT8Gbf6PfKT8MEVM","FIREBASE_CONFIG":"{\"projectId\":\"catalog-12a8d\",\"storageBucket\":\"catalog-12a8d.appspot.com\"}","GCLOUD_PROJECT":"catalog-12a8d","EVENTARC_CLOUD_EVENT_SOURCE":"projects/catalog-12a8d/locations/us-central1/services/geocode"},"maxInstanceCount":100,"ingressSettings":"ALLOW_ALL","uri":"https://geocode-4pua46p62a-uc.a.run.app","serviceAccountEmail":"580440551087-compute@developer.gserviceaccount.com","availableMemory":"256Mi","allTrafficOnLatestRevision":true,"revision":"geocode-00001-qal","maxInstanceRequestConcurrency":80,"availableCpu":"1"},"state":"ACTIVE","labels":{"deployment-tool":"cli-firebase","firebase-functions-hash":"f880aba25a37d2760be600ea6d6c376064ff7be2"},"environment":"GEN_2","url":"https://us-central1-catalog-12a8d.cloudfunctions.net/geocode"},"stages":[{"name":"BUILD","message":"Build in progress","state":"IN_PROGRESS","resource":"projects/580440551087/locations/us-central1/builds/03f06105-2569-49c2-9db2-b77bbf7317f3","resourceUri":"https://console.cloud.google.com/cloud-build/builds;region=us-central1/03f06105-2569-49c2-9db2-b77bbf7317f3?project=580440551087"},{"name":"SERVICE","state":"NOT_STARTED"}]},"done":false}
[debug] [2023-10-18T22:03:02.899Z] [update-default-us-central1-placesNearby] Retrying task index 0
[debug] [2023-10-18T22:03:02.899Z] >>> [apiv2][query] GET https://cloudfunctions.googleapis.com/v2/projects/catalog-12a8d/locations/us-central1/operations/operation-1697666580082-60804cd73eeac-a4ba5d53-efd26ad7 [none]
[debug] [2023-10-18T22:03:03.114Z] <<< [apiv2][status] GET https://cloudfunctions.googleapis.com/v2/projects/catalog-12a8d/locations/us-central1/operations/operation-1697666580082-60804cd73eeac-a4ba5d53-efd26ad7 200
[debug] [2023-10-18T22:03:03.114Z] <<< [apiv2][body] GET https://cloudfunctions.googleapis.com/v2/projects/catalog-12a8d/locations/us-central1/operations/operation-1697666580082-60804cd73eeac-a4ba5d53-efd26ad7 {"name":"projects/catalog-12a8d/locations/us-central1/operations/operation-1697666580082-60804cd73eeac-a4ba5d53-efd26ad7","metadata":{"@type":"type.googleapis.com/google.cloud.functions.v2.OperationMetadata","createTime":"2023-10-18T22:03:00.893687483Z","target":"projects/catalog-12a8d/locations/us-central1/functions/placesNearby","verb":"update","cancelRequested":false,"apiVersion":"v2","requestResource":{"@type":"type.googleapis.com/google.cloud.functions.v2.Function","name":"projects/catalog-12a8d/locations/us-central1/functions/placesNearby","buildConfig":{"runtime":"nodejs18","entryPoint":"placesNearby","source":{"storageSource":{"bucket":"gcf-v2-sources-580440551087-us-central1","object":"placesNearby/function-source.zip","generation":"1697666580858614"}},"environmentVariables":{"GOOGLE_NODE_RUN_SCRIPTS":""},"sourceProvenance":{"resolvedStorageSource":{"bucket":"gcf-v2-sources-580440551087-us-central1","object":"placesNearby/function-source.zip","generation":"1697482369624562"}},"dockerRegistry":"ARTIFACT_REGISTRY"},"serviceConfig":{"service":"projects/catalog-12a8d/locations/us-central1/services/placesnearby","timeoutSeconds":60,"environmentVariables":{"MAPS_API_KEY_GCP":"AIzaSyBTcq3aO0Cv4Pv7p5_iT8Gbf6PfKT8MEVM","FIREBASE_CONFIG":"{\"projectId\":\"catalog-12a8d\",\"storageBucket\":\"catalog-12a8d.appspot.com\"}","GCLOUD_PROJECT":"catalog-12a8d","EVENTARC_CLOUD_EVENT_SOURCE":"projects/catalog-12a8d/locations/us-central1/services/placesNearby"},"maxInstanceCount":100,"ingressSettings":"ALLOW_ALL","uri":"https://placesnearby-4pua46p62a-uc.a.run.app","serviceAccountEmail":"580440551087-compute@developer.gserviceaccount.com","availableMemory":"256Mi","allTrafficOnLatestRevision":true,"revision":"placesnearby-00001-pas","maxInstanceRequestConcurrency":80,"availableCpu":"1"},"state":"ACTIVE","labels":{"deployment-tool":"cli-firebase","firebase-functions-hash":"f880aba25a37d2760be600ea6d6c376064ff7be2"},"environment":"GEN_2","url":"https://us-central1-catalog-12a8d.cloudfunctions.net/placesNearby"},"stages":[{"name":"BUILD","message":"Build in progress","state":"IN_PROGRESS","resource":"projects/580440551087/locations/us-central1/builds/97c96d6c-f0ea-44af-995a-ce73133d488a","resourceUri":"https://console.cloud.google.com/cloud-build/builds;region=us-central1/97c96d6c-f0ea-44af-995a-ce73133d488a?project=580440551087"},{"name":"SERVICE","state":"NOT_STARTED"}]},"done":false}
[debug] [2023-10-18T22:03:03.148Z] [update-default-us-central1-geocode] Retrying task index 0
[debug] [2023-10-18T22:03:03.148Z] >>> [apiv2][query] GET https://cloudfunctions.googleapis.com/v2/projects/catalog-12a8d/locations/us-central1/operations/operation-1697666580089-60804cd740a6c-12c7a1f7-64efbd74 [none]
[debug] [2023-10-18T22:03:03.368Z] <<< [apiv2][status] GET https://cloudfunctions.googleapis.com/v2/projects/catalog-12a8d/locations/us-central1/operations/operation-1697666580089-60804cd740a6c-12c7a1f7-64efbd74 200
[debug] [2023-10-18T22:03:03.368Z] <<< [apiv2][body] GET https://cloudfunctions.googleapis.com/v2/projects/catalog-12a8d/locations/us-central1/operations/operation-1697666580089-60804cd740a6c-12c7a1f7-64efbd74 {"name":"projects/catalog-12a8d/locations/us-central1/operations/operation-1697666580089-60804cd740a6c-12c7a1f7-64efbd74","metadata":{"@type":"type.googleapis.com/google.cloud.functions.v2.OperationMetadata","createTime":"2023-10-18T22:03:00.986301459Z","target":"projects/catalog-12a8d/locations/us-central1/functions/geocode","verb":"update","cancelRequested":false,"apiVersion":"v2","requestResource":{"@type":"type.googleapis.com/google.cloud.functions.v2.Function","name":"projects/catalog-12a8d/locations/us-central1/functions/geocode","buildConfig":{"runtime":"nodejs18","entryPoint":"geocode","source":{"storageSource":{"bucket":"gcf-v2-sources-580440551087-us-central1","object":"geocode/function-source.zip","generation":"1697666580946374"}},"environmentVariables":{"GOOGLE_NODE_RUN_SCRIPTS":""},"sourceProvenance":{"resolvedStorageSource":{"bucket":"gcf-v2-sources-580440551087-us-central1","object":"geocode/function-source.zip","generation":"1697482369727851"}},"dockerRegistry":"ARTIFACT_REGISTRY"},"serviceConfig":{"service":"projects/catalog-12a8d/locations/us-central1/services/geocode","timeoutSeconds":60,"environmentVariables":{"MAPS_API_KEY_GCP":"AIzaSyBTcq3aO0Cv4Pv7p5_iT8Gbf6PfKT8MEVM","FIREBASE_CONFIG":"{\"projectId\":\"catalog-12a8d\",\"storageBucket\":\"catalog-12a8d.appspot.com\"}","GCLOUD_PROJECT":"catalog-12a8d","EVENTARC_CLOUD_EVENT_SOURCE":"projects/catalog-12a8d/locations/us-central1/services/geocode"},"maxInstanceCount":100,"ingressSettings":"ALLOW_ALL","uri":"https://geocode-4pua46p62a-uc.a.run.app","serviceAccountEmail":"580440551087-compute@developer.gserviceaccount.com","availableMemory":"256Mi","allTrafficOnLatestRevision":true,"revision":"geocode-00001-qal","maxInstanceRequestConcurrency":80,"availableCpu":"1"},"state":"ACTIVE","labels":{"deployment-tool":"cli-firebase","firebase-functions-hash":"f880aba25a37d2760be600ea6d6c376064ff7be2"},"environment":"GEN_2","url":"https://us-central1-catalog-12a8d.cloudfunctions.net/geocode"},"stages":[{"name":"BUILD","message":"Build in progress","state":"IN_PROGRESS","resource":"projects/580440551087/locations/us-central1/builds/03f06105-2569-49c2-9db2-b77bbf7317f3","resourceUri":"https://console.cloud.google.com/cloud-build/builds;region=us-central1/03f06105-2569-49c2-9db2-b77bbf7317f3?project=580440551087"},{"name":"SERVICE","state":"NOT_STARTED"}]},"done":false}
[debug] [2023-10-18T22:03:05.116Z] [update-default-us-central1-placesNearby] Retrying task index 0
[debug] [2023-10-18T22:03:05.116Z] >>> [apiv2][query] GET https://cloudfunctions.googleapis.com/v2/projects/catalog-12a8d/locations/us-central1/operations/operation-1697666580082-60804cd73eeac-a4ba5d53-efd26ad7 [none]
[debug] [2023-10-18T22:03:05.369Z] [update-default-us-central1-geocode] Retrying task index 0
[debug] [2023-10-18T22:03:05.369Z] >>> [apiv2][query] GET https://cloudfunctions.googleapis.com/v2/projects/catalog-12a8d/locations/us-central1/operations/operation-1697666580089-60804cd740a6c-12c7a1f7-64efbd74 [none]
[debug] [2023-10-18T22:03:05.376Z] <<< [apiv2][status] GET https://cloudfunctions.googleapis.com/v2/projects/catalog-12a8d/locations/us-central1/operations/operation-1697666580082-60804cd73eeac-a4ba5d53-efd26ad7 200
[debug] [2023-10-18T22:03:05.376Z] <<< [apiv2][body] GET https://cloudfunctions.googleapis.com/v2/projects/catalog-12a8d/locations/us-central1/operations/operation-1697666580082-60804cd73eeac-a4ba5d53-efd26ad7 {"name":"projects/catalog-12a8d/locations/us-central1/operations/operation-1697666580082-60804cd73eeac-a4ba5d53-efd26ad7","metadata":{"@type":"type.googleapis.com/google.cloud.functions.v2.OperationMetadata","createTime":"2023-10-18T22:03:00.893687483Z","target":"projects/catalog-12a8d/locations/us-central1/functions/placesNearby","verb":"update","cancelRequested":false,"apiVersion":"v2","requestResource":{"@type":"type.googleapis.com/google.cloud.functions.v2.Function","name":"projects/catalog-12a8d/locations/us-central1/functions/placesNearby","buildConfig":{"runtime":"nodejs18","entryPoint":"placesNearby","source":{"storageSource":{"bucket":"gcf-v2-sources-580440551087-us-central1","object":"placesNearby/function-source.zip","generation":"1697666580858614"}},"environmentVariables":{"GOOGLE_NODE_RUN_SCRIPTS":""},"sourceProvenance":{"resolvedStorageSource":{"bucket":"gcf-v2-sources-580440551087-us-central1","object":"placesNearby/function-source.zip","generation":"1697482369624562"}},"dockerRegistry":"ARTIFACT_REGISTRY"},"serviceConfig":{"service":"projects/catalog-12a8d/locations/us-central1/services/placesnearby","timeoutSeconds":60,"environmentVariables":{"MAPS_API_KEY_GCP":"AIzaSyBTcq3aO0Cv4Pv7p5_iT8Gbf6PfKT8MEVM","FIREBASE_CONFIG":"{\"projectId\":\"catalog-12a8d\",\"storageBucket\":\"catalog-12a8d.appspot.com\"}","GCLOUD_PROJECT":"catalog-12a8d","EVENTARC_CLOUD_EVENT_SOURCE":"projects/catalog-12a8d/locations/us-central1/services/placesNearby"},"maxInstanceCount":100,"ingressSettings":"ALLOW_ALL","uri":"https://placesnearby-4pua46p62a-uc.a.run.app","serviceAccountEmail":"580440551087-compute@developer.gserviceaccount.com","availableMemory":"256Mi","allTrafficOnLatestRevision":true,"revision":"placesnearby-00001-pas","maxInstanceRequestConcurrency":80,"availableCpu":"1"},"state":"ACTIVE","labels":{"deployment-tool":"cli-firebase","firebase-functions-hash":"f880aba25a37d2760be600ea6d6c376064ff7be2"},"environment":"GEN_2","url":"https://us-central1-catalog-12a8d.cloudfunctions.net/placesNearby"},"stages":[{"name":"BUILD","message":"Build in progress","state":"IN_PROGRESS","resource":"projects/580440551087/locations/us-central1/builds/97c96d6c-f0ea-44af-995a-ce73133d488a","resourceUri":"https://console.cloud.google.com/cloud-build/builds;region=us-central1/97c96d6c-f0ea-44af-995a-ce73133d488a?project=580440551087"},{"name":"SERVICE","state":"NOT_STARTED"}]},"done":false}
[debug] [2023-10-18T22:03:05.483Z] <<< [apiv2][status] GET https://cloudfunctions.googleapis.com/v2/projects/catalog-12a8d/locations/us-central1/operations/operation-1697666580089-60804cd740a6c-12c7a1f7-64efbd74 200
[debug] [2023-10-18T22:03:05.484Z] <<< [apiv2][body] GET https://cloudfunctions.googleapis.com/v2/projects/catalog-12a8d/locations/us-central1/operations/operation-1697666580089-60804cd740a6c-12c7a1f7-64efbd74 {"name":"projects/catalog-12a8d/locations/us-central1/operations/operation-1697666580089-60804cd740a6c-12c7a1f7-64efbd74","metadata":{"@type":"type.googleapis.com/google.cloud.functions.v2.OperationMetadata","createTime":"2023-10-18T22:03:00.986301459Z","target":"projects/catalog-12a8d/locations/us-central1/functions/geocode","verb":"update","cancelRequested":false,"apiVersion":"v2","requestResource":{"@type":"type.googleapis.com/google.cloud.functions.v2.Function","name":"projects/catalog-12a8d/locations/us-central1/functions/geocode","buildConfig":{"runtime":"nodejs18","entryPoint":"geocode","source":{"storageSource":{"bucket":"gcf-v2-sources-580440551087-us-central1","object":"geocode/function-source.zip","generation":"1697666580946374"}},"environmentVariables":{"GOOGLE_NODE_RUN_SCRIPTS":""},"sourceProvenance":{"resolvedStorageSource":{"bucket":"gcf-v2-sources-580440551087-us-central1","object":"geocode/function-source.zip","generation":"1697482369727851"}},"dockerRegistry":"ARTIFACT_REGISTRY"},"serviceConfig":{"service":"projects/catalog-12a8d/locations/us-central1/services/geocode","timeoutSeconds":60,"environmentVariables":{"MAPS_API_KEY_GCP":"AIzaSyBTcq3aO0Cv4Pv7p5_iT8Gbf6PfKT8MEVM","FIREBASE_CONFIG":"{\"projectId\":\"catalog-12a8d\",\"storageBucket\":\"catalog-12a8d.appspot.com\"}","GCLOUD_PROJECT":"catalog-12a8d","EVENTARC_CLOUD_EVENT_SOURCE":"projects/catalog-12a8d/locations/us-central1/services/geocode"},"maxInstanceCount":100,"ingressSettings":"ALLOW_ALL","uri":"https://geocode-4pua46p62a-uc.a.run.app","serviceAccountEmail":"580440551087-compute@developer.gserviceaccount.com","availableMemory":"256Mi","allTrafficOnLatestRevision":true,"revision":"geocode-00001-qal","maxInstanceRequestConcurrency":80,"availableCpu":"1"},"state":"ACTIVE","labels":{"deployment-tool":"cli-firebase","firebase-functions-hash":"f880aba25a37d2760be600ea6d6c376064ff7be2"},"environment":"GEN_2","url":"https://us-central1-catalog-12a8d.cloudfunctions.net/geocode"},"stages":[{"name":"BUILD","message":"Build in progress","state":"IN_PROGRESS","resource":"projects/580440551087/locations/us-central1/builds/03f06105-2569-49c2-9db2-b77bbf7317f3","resourceUri":"https://console.cloud.google.com/cloud-build/builds;region=us-central1/03f06105-2569-49c2-9db2-b77bbf7317f3?project=580440551087"},{"name":"SERVICE","state":"NOT_STARTED"}]},"done":false}
[debug] [2023-10-18T22:03:09.377Z] [update-default-us-central1-placesNearby] Retrying task index 0
[debug] [2023-10-18T22:03:09.378Z] >>> [apiv2][query] GET https://cloudfunctions.googleapis.com/v2/projects/catalog-12a8d/locations/us-central1/operations/operation-1697666580082-60804cd73eeac-a4ba5d53-efd26ad7 [none]
[debug] [2023-10-18T22:03:09.485Z] [update-default-us-central1-geocode] Retrying task index 0
[debug] [2023-10-18T22:03:09.485Z] >>> [apiv2][query] GET https://cloudfunctions.googleapis.com/v2/projects/catalog-12a8d/locations/us-central1/operations/operation-1697666580089-60804cd740a6c-12c7a1f7-64efbd74 [none]
[debug] [2023-10-18T22:03:09.573Z] <<< [apiv2][status] GET https://cloudfunctions.googleapis.com/v2/projects/catalog-12a8d/locations/us-central1/operations/operation-1697666580082-60804cd73eeac-a4ba5d53-efd26ad7 200
[debug] [2023-10-18T22:03:09.573Z] <<< [apiv2][body] GET https://cloudfunctions.googleapis.com/v2/projects/catalog-12a8d/locations/us-central1/operations/operation-1697666580082-60804cd73eeac-a4ba5d53-efd26ad7 {"name":"projects/catalog-12a8d/locations/us-central1/operations/operation-1697666580082-60804cd73eeac-a4ba5d53-efd26ad7","metadata":{"@type":"type.googleapis.com/google.cloud.functions.v2.OperationMetadata","createTime":"2023-10-18T22:03:00.893687483Z","target":"projects/catalog-12a8d/locations/us-central1/functions/placesNearby","verb":"update","cancelRequested":false,"apiVersion":"v2","requestResource":{"@type":"type.googleapis.com/google.cloud.functions.v2.Function","name":"projects/catalog-12a8d/locations/us-central1/functions/placesNearby","buildConfig":{"runtime":"nodejs18","entryPoint":"placesNearby","source":{"storageSource":{"bucket":"gcf-v2-sources-580440551087-us-central1","object":"placesNearby/function-source.zip","generation":"1697666580858614"}},"environmentVariables":{"GOOGLE_NODE_RUN_SCRIPTS":""},"sourceProvenance":{"resolvedStorageSource":{"bucket":"gcf-v2-sources-580440551087-us-central1","object":"placesNearby/function-source.zip","generation":"1697482369624562"}},"dockerRegistry":"ARTIFACT_REGISTRY"},"serviceConfig":{"service":"projects/catalog-12a8d/locations/us-central1/services/placesnearby","timeoutSeconds":60,"environmentVariables":{"MAPS_API_KEY_GCP":"AIzaSyBTcq3aO0Cv4Pv7p5_iT8Gbf6PfKT8MEVM","FIREBASE_CONFIG":"{\"projectId\":\"catalog-12a8d\",\"storageBucket\":\"catalog-12a8d.appspot.com\"}","GCLOUD_PROJECT":"catalog-12a8d","EVENTARC_CLOUD_EVENT_SOURCE":"projects/catalog-12a8d/locations/us-central1/services/placesNearby"},"maxInstanceCount":100,"ingressSettings":"ALLOW_ALL","uri":"https://placesnearby-4pua46p62a-uc.a.run.app","serviceAccountEmail":"580440551087-compute@developer.gserviceaccount.com","availableMemory":"256Mi","allTrafficOnLatestRevision":true,"revision":"placesnearby-00001-pas","maxInstanceRequestConcurrency":80,"availableCpu":"1"},"state":"ACTIVE","labels":{"deployment-tool":"cli-firebase","firebase-functions-hash":"f880aba25a37d2760be600ea6d6c376064ff7be2"},"environment":"GEN_2","url":"https://us-central1-catalog-12a8d.cloudfunctions.net/placesNearby"},"stages":[{"name":"BUILD","message":"Build in progress","state":"IN_PROGRESS","resource":"projects/580440551087/locations/us-central1/builds/97c96d6c-f0ea-44af-995a-ce73133d488a","resourceUri":"https://console.cloud.google.com/cloud-build/builds;region=us-central1/97c96d6c-f0ea-44af-995a-ce73133d488a?project=580440551087"},{"name":"SERVICE","state":"NOT_STARTED"}]},"done":false}
[debug] [2023-10-18T22:03:09.671Z] <<< [apiv2][status] GET https://cloudfunctions.googleapis.com/v2/projects/catalog-12a8d/locations/us-central1/operations/operation-1697666580089-60804cd740a6c-12c7a1f7-64efbd74 200
[debug] [2023-10-18T22:03:09.671Z] <<< [apiv2][body] GET https://cloudfunctions.googleapis.com/v2/projects/catalog-12a8d/locations/us-central1/operations/operation-1697666580089-60804cd740a6c-12c7a1f7-64efbd74 {"name":"projects/catalog-12a8d/locations/us-central1/operations/operation-1697666580089-60804cd740a6c-12c7a1f7-64efbd74","metadata":{"@type":"type.googleapis.com/google.cloud.functions.v2.OperationMetadata","createTime":"2023-10-18T22:03:00.986301459Z","target":"projects/catalog-12a8d/locations/us-central1/functions/geocode","verb":"update","cancelRequested":false,"apiVersion":"v2","requestResource":{"@type":"type.googleapis.com/google.cloud.functions.v2.Function","name":"projects/catalog-12a8d/locations/us-central1/functions/geocode","buildConfig":{"runtime":"nodejs18","entryPoint":"geocode","source":{"storageSource":{"bucket":"gcf-v2-sources-580440551087-us-central1","object":"geocode/function-source.zip","generation":"1697666580946374"}},"environmentVariables":{"GOOGLE_NODE_RUN_SCRIPTS":""},"sourceProvenance":{"resolvedStorageSource":{"bucket":"gcf-v2-sources-580440551087-us-central1","object":"geocode/function-source.zip","generation":"1697482369727851"}},"dockerRegistry":"ARTIFACT_REGISTRY"},"serviceConfig":{"service":"projects/catalog-12a8d/locations/us-central1/services/geocode","timeoutSeconds":60,"environmentVariables":{"MAPS_API_KEY_GCP":"AIzaSyBTcq3aO0Cv4Pv7p5_iT8Gbf6PfKT8MEVM","FIREBASE_CONFIG":"{\"projectId\":\"catalog-12a8d\",\"storageBucket\":\"catalog-12a8d.appspot.com\"}","GCLOUD_PROJECT":"catalog-12a8d","EVENTARC_CLOUD_EVENT_SOURCE":"projects/catalog-12a8d/locations/us-central1/services/geocode"},"maxInstanceCount":100,"ingressSettings":"ALLOW_ALL","uri":"https://geocode-4pua46p62a-uc.a.run.app","serviceAccountEmail":"580440551087-compute@developer.gserviceaccount.com","availableMemory":"256Mi","allTrafficOnLatestRevision":true,"revision":"geocode-00001-qal","maxInstanceRequestConcurrency":80,"availableCpu":"1"},"state":"ACTIVE","labels":{"deployment-tool":"cli-firebase","firebase-functions-hash":"f880aba25a37d2760be600ea6d6c376064ff7be2"},"environment":"GEN_2","url":"https://us-central1-catalog-12a8d.cloudfunctions.net/geocode"},"stages":[{"name":"BUILD","message":"Build in progress","state":"IN_PROGRESS","resource":"projects/580440551087/locations/us-central1/builds/03f06105-2569-49c2-9db2-b77bbf7317f3","resourceUri":"https://console.cloud.google.com/cloud-build/builds;region=us-central1/03f06105-2569-49c2-9db2-b77bbf7317f3?project=580440551087"},{"name":"SERVICE","state":"NOT_STARTED"}]},"done":false}
[debug] [2023-10-18T22:03:17.574Z] [update-default-us-central1-placesNearby] Retrying task index 0
[debug] [2023-10-18T22:03:17.575Z] >>> [apiv2][query] GET https://cloudfunctions.googleapis.com/v2/projects/catalog-12a8d/locations/us-central1/operations/operation-1697666580082-60804cd73eeac-a4ba5d53-efd26ad7 [none]
[debug] [2023-10-18T22:03:17.672Z] [update-default-us-central1-geocode] Retrying task index 0
[debug] [2023-10-18T22:03:17.673Z] >>> [apiv2][query] GET https://cloudfunctions.googleapis.com/v2/projects/catalog-12a8d/locations/us-central1/operations/operation-1697666580089-60804cd740a6c-12c7a1f7-64efbd74 [none]
[debug] [2023-10-18T22:03:17.968Z] <<< [apiv2][status] GET https://cloudfunctions.googleapis.com/v2/projects/catalog-12a8d/locations/us-central1/operations/operation-1697666580082-60804cd73eeac-a4ba5d53-efd26ad7 200
[debug] [2023-10-18T22:03:17.968Z] <<< [apiv2][body] GET https://cloudfunctions.googleapis.com/v2/projects/catalog-12a8d/locations/us-central1/operations/operation-1697666580082-60804cd73eeac-a4ba5d53-efd26ad7 {"name":"projects/catalog-12a8d/locations/us-central1/operations/operation-1697666580082-60804cd73eeac-a4ba5d53-efd26ad7","metadata":{"@type":"type.googleapis.com/google.cloud.functions.v2.OperationMetadata","createTime":"2023-10-18T22:03:00.893687483Z","target":"projects/catalog-12a8d/locations/us-central1/functions/placesNearby","verb":"update","cancelRequested":false,"apiVersion":"v2","requestResource":{"@type":"type.googleapis.com/google.cloud.functions.v2.Function","name":"projects/catalog-12a8d/locations/us-central1/functions/placesNearby","buildConfig":{"runtime":"nodejs18","entryPoint":"placesNearby","source":{"storageSource":{"bucket":"gcf-v2-sources-580440551087-us-central1","object":"placesNearby/function-source.zip","generation":"1697666580858614"}},"environmentVariables":{"GOOGLE_NODE_RUN_SCRIPTS":""},"sourceProvenance":{"resolvedStorageSource":{"bucket":"gcf-v2-sources-580440551087-us-central1","object":"placesNearby/function-source.zip","generation":"1697482369624562"}},"dockerRegistry":"ARTIFACT_REGISTRY"},"serviceConfig":{"service":"projects/catalog-12a8d/locations/us-central1/services/placesnearby","timeoutSeconds":60,"environmentVariables":{"MAPS_API_KEY_GCP":"AIzaSyBTcq3aO0Cv4Pv7p5_iT8Gbf6PfKT8MEVM","FIREBASE_CONFIG":"{\"projectId\":\"catalog-12a8d\",\"storageBucket\":\"catalog-12a8d.appspot.com\"}","GCLOUD_PROJECT":"catalog-12a8d","EVENTARC_CLOUD_EVENT_SOURCE":"projects/catalog-12a8d/locations/us-central1/services/placesNearby"},"maxInstanceCount":100,"ingressSettings":"ALLOW_ALL","uri":"https://placesnearby-4pua46p62a-uc.a.run.app","serviceAccountEmail":"580440551087-compute@developer.gserviceaccount.com","availableMemory":"256Mi","allTrafficOnLatestRevision":true,"revision":"placesnearby-00001-pas","maxInstanceRequestConcurrency":80,"availableCpu":"1"},"state":"ACTIVE","labels":{"deployment-tool":"cli-firebase","firebase-functions-hash":"f880aba25a37d2760be600ea6d6c376064ff7be2"},"environment":"GEN_2","url":"https://us-central1-catalog-12a8d.cloudfunctions.net/placesNearby"},"stages":[{"name":"BUILD","message":"Build in progress","state":"IN_PROGRESS","resource":"projects/580440551087/locations/us-central1/builds/97c96d6c-f0ea-44af-995a-ce73133d488a","resourceUri":"https://console.cloud.google.com/cloud-build/builds;region=us-central1/97c96d6c-f0ea-44af-995a-ce73133d488a?project=580440551087"},{"name":"SERVICE","state":"NOT_STARTED"}]},"done":false}
[debug] [2023-10-18T22:03:18.055Z] <<< [apiv2][status] GET https://cloudfunctions.googleapis.com/v2/projects/catalog-12a8d/locations/us-central1/operations/operation-1697666580089-60804cd740a6c-12c7a1f7-64efbd74 200
[debug] [2023-10-18T22:03:18.056Z] <<< [apiv2][body] GET https://cloudfunctions.googleapis.com/v2/projects/catalog-12a8d/locations/us-central1/operations/operation-1697666580089-60804cd740a6c-12c7a1f7-64efbd74 {"name":"projects/catalog-12a8d/locations/us-central1/operations/operation-1697666580089-60804cd740a6c-12c7a1f7-64efbd74","metadata":{"@type":"type.googleapis.com/google.cloud.functions.v2.OperationMetadata","createTime":"2023-10-18T22:03:00.986301459Z","target":"projects/catalog-12a8d/locations/us-central1/functions/geocode","verb":"update","cancelRequested":false,"apiVersion":"v2","requestResource":{"@type":"type.googleapis.com/google.cloud.functions.v2.Function","name":"projects/catalog-12a8d/locations/us-central1/functions/geocode","buildConfig":{"runtime":"nodejs18","entryPoint":"geocode","source":{"storageSource":{"bucket":"gcf-v2-sources-580440551087-us-central1","object":"geocode/function-source.zip","generation":"1697666580946374"}},"environmentVariables":{"GOOGLE_NODE_RUN_SCRIPTS":""},"sourceProvenance":{"resolvedStorageSource":{"bucket":"gcf-v2-sources-580440551087-us-central1","object":"geocode/function-source.zip","generation":"1697482369727851"}},"dockerRegistry":"ARTIFACT_REGISTRY"},"serviceConfig":{"service":"projects/catalog-12a8d/locations/us-central1/services/geocode","timeoutSeconds":60,"environmentVariables":{"MAPS_API_KEY_GCP":"AIzaSyBTcq3aO0Cv4Pv7p5_iT8Gbf6PfKT8MEVM","FIREBASE_CONFIG":"{\"projectId\":\"catalog-12a8d\",\"storageBucket\":\"catalog-12a8d.appspot.com\"}","GCLOUD_PROJECT":"catalog-12a8d","EVENTARC_CLOUD_EVENT_SOURCE":"projects/catalog-12a8d/locations/us-central1/services/geocode"},"maxInstanceCount":100,"ingressSettings":"ALLOW_ALL","uri":"https://geocode-4pua46p62a-uc.a.run.app","serviceAccountEmail":"580440551087-compute@developer.gserviceaccount.com","availableMemory":"256Mi","allTrafficOnLatestRevision":true,"revision":"geocode-00001-qal","maxInstanceRequestConcurrency":80,"availableCpu":"1"},"state":"ACTIVE","labels":{"deployment-tool":"cli-firebase","firebase-functions-hash":"f880aba25a37d2760be600ea6d6c376064ff7be2"},"environment":"GEN_2","url":"https://us-central1-catalog-12a8d.cloudfunctions.net/geocode"},"stages":[{"name":"BUILD","message":"Build in progress","state":"IN_PROGRESS","resource":"projects/580440551087/locations/us-central1/builds/03f06105-2569-49c2-9db2-b77bbf7317f3","resourceUri":"https://console.cloud.google.com/cloud-build/builds;region=us-central1/03f06105-2569-49c2-9db2-b77bbf7317f3?project=580440551087"},{"name":"SERVICE","state":"NOT_STARTED"}]},"done":false}
[debug] [2023-10-18T22:03:27.970Z] [update-default-us-central1-placesNearby] Retrying task index 0
[debug] [2023-10-18T22:03:27.971Z] >>> [apiv2][query] GET https://cloudfunctions.googleapis.com/v2/projects/catalog-12a8d/locations/us-central1/operations/operation-1697666580082-60804cd73eeac-a4ba5d53-efd26ad7 [none]
[debug] [2023-10-18T22:03:28.057Z] [update-default-us-central1-geocode] Retrying task index 0
[debug] [2023-10-18T22:03:28.057Z] >>> [apiv2][query] GET https://cloudfunctions.googleapis.com/v2/projects/catalog-12a8d/locations/us-central1/operations/operation-1697666580089-60804cd740a6c-12c7a1f7-64efbd74 [none]
[debug] [2023-10-18T22:03:28.361Z] <<< [apiv2][status] GET https://cloudfunctions.googleapis.com/v2/projects/catalog-12a8d/locations/us-central1/operations/operation-1697666580082-60804cd73eeac-a4ba5d53-efd26ad7 200
[debug] [2023-10-18T22:03:28.361Z] <<< [apiv2][body] GET https://cloudfunctions.googleapis.com/v2/projects/catalog-12a8d/locations/us-central1/operations/operation-1697666580082-60804cd73eeac-a4ba5d53-efd26ad7 {"name":"projects/catalog-12a8d/locations/us-central1/operations/operation-1697666580082-60804cd73eeac-a4ba5d53-efd26ad7","metadata":{"@type":"type.googleapis.com/google.cloud.functions.v2.OperationMetadata","createTime":"2023-10-18T22:03:00.893687483Z","target":"projects/catalog-12a8d/locations/us-central1/functions/placesNearby","verb":"update","cancelRequested":false,"apiVersion":"v2","requestResource":{"@type":"type.googleapis.com/google.cloud.functions.v2.Function","name":"projects/catalog-12a8d/locations/us-central1/functions/placesNearby","buildConfig":{"runtime":"nodejs18","entryPoint":"placesNearby","source":{"storageSource":{"bucket":"gcf-v2-sources-580440551087-us-central1","object":"placesNearby/function-source.zip","generation":"1697666580858614"}},"environmentVariables":{"GOOGLE_NODE_RUN_SCRIPTS":""},"sourceProvenance":{"resolvedStorageSource":{"bucket":"gcf-v2-sources-580440551087-us-central1","object":"placesNearby/function-source.zip","generation":"1697482369624562"}},"dockerRegistry":"ARTIFACT_REGISTRY"},"serviceConfig":{"service":"projects/catalog-12a8d/locations/us-central1/services/placesnearby","timeoutSeconds":60,"environmentVariables":{"MAPS_API_KEY_GCP":"AIzaSyBTcq3aO0Cv4Pv7p5_iT8Gbf6PfKT8MEVM","FIREBASE_CONFIG":"{\"projectId\":\"catalog-12a8d\",\"storageBucket\":\"catalog-12a8d.appspot.com\"}","GCLOUD_PROJECT":"catalog-12a8d","EVENTARC_CLOUD_EVENT_SOURCE":"projects/catalog-12a8d/locations/us-central1/services/placesNearby"},"maxInstanceCount":100,"ingressSettings":"ALLOW_ALL","uri":"https://placesnearby-4pua46p62a-uc.a.run.app","serviceAccountEmail":"580440551087-compute@developer.gserviceaccount.com","availableMemory":"256Mi","allTrafficOnLatestRevision":true,"revision":"placesnearby-00001-pas","maxInstanceRequestConcurrency":80,"availableCpu":"1"},"state":"ACTIVE","labels":{"deployment-tool":"cli-firebase","firebase-functions-hash":"f880aba25a37d2760be600ea6d6c376064ff7be2"},"environment":"GEN_2","url":"https://us-central1-catalog-12a8d.cloudfunctions.net/placesNearby"},"stages":[{"name":"BUILD","message":"Build in progress","state":"IN_PROGRESS","resource":"projects/580440551087/locations/us-central1/builds/97c96d6c-f0ea-44af-995a-ce73133d488a","resourceUri":"https://console.cloud.google.com/cloud-build/builds;region=us-central1/97c96d6c-f0ea-44af-995a-ce73133d488a?project=580440551087"},{"name":"SERVICE","state":"NOT_STARTED"}]},"done":false}
[debug] [2023-10-18T22:03:28.417Z] <<< [apiv2][status] GET https://cloudfunctions.googleapis.com/v2/projects/catalog-12a8d/locations/us-central1/operations/operation-1697666580089-60804cd740a6c-12c7a1f7-64efbd74 200
[debug] [2023-10-18T22:03:28.417Z] <<< [apiv2][body] GET https://cloudfunctions.googleapis.com/v2/projects/catalog-12a8d/locations/us-central1/operations/operation-1697666580089-60804cd740a6c-12c7a1f7-64efbd74 {"name":"projects/catalog-12a8d/locations/us-central1/operations/operation-1697666580089-60804cd740a6c-12c7a1f7-64efbd74","metadata":{"@type":"type.googleapis.com/google.cloud.functions.v2.OperationMetadata","createTime":"2023-10-18T22:03:00.986301459Z","target":"projects/catalog-12a8d/locations/us-central1/functions/geocode","verb":"update","cancelRequested":false,"apiVersion":"v2","requestResource":{"@type":"type.googleapis.com/google.cloud.functions.v2.Function","name":"projects/catalog-12a8d/locations/us-central1/functions/geocode","buildConfig":{"runtime":"nodejs18","entryPoint":"geocode","source":{"storageSource":{"bucket":"gcf-v2-sources-580440551087-us-central1","object":"geocode/function-source.zip","generation":"1697666580946374"}},"environmentVariables":{"GOOGLE_NODE_RUN_SCRIPTS":""},"sourceProvenance":{"resolvedStorageSource":{"bucket":"gcf-v2-sources-580440551087-us-central1","object":"geocode/function-source.zip","generation":"1697482369727851"}},"dockerRegistry":"ARTIFACT_REGISTRY"},"serviceConfig":{"service":"projects/catalog-12a8d/locations/us-central1/services/geocode","timeoutSeconds":60,"environmentVariables":{"MAPS_API_KEY_GCP":"AIzaSyBTcq3aO0Cv4Pv7p5_iT8Gbf6PfKT8MEVM","FIREBASE_CONFIG":"{\"projectId\":\"catalog-12a8d\",\"storageBucket\":\"catalog-12a8d.appspot.com\"}","GCLOUD_PROJECT":"catalog-12a8d","EVENTARC_CLOUD_EVENT_SOURCE":"projects/catalog-12a8d/locations/us-central1/services/geocode"},"maxInstanceCount":100,"ingressSettings":"ALLOW_ALL","uri":"https://geocode-4pua46p62a-uc.a.run.app","serviceAccountEmail":"580440551087-compute@developer.gserviceaccount.com","availableMemory":"256Mi","allTrafficOnLatestRevision":true,"revision":"geocode-00001-qal","maxInstanceRequestConcurrency":80,"availableCpu":"1"},"state":"ACTIVE","labels":{"deployment-tool":"cli-firebase","firebase-functions-hash":"f880aba25a37d2760be600ea6d6c376064ff7be2"},"environment":"GEN_2","url":"https://us-central1-catalog-12a8d.cloudfunctions.net/geocode"},"stages":[{"name":"BUILD","message":"Build in progress","state":"IN_PROGRESS","resource":"projects/580440551087/locations/us-central1/builds/03f06105-2569-49c2-9db2-b77bbf7317f3","resourceUri":"https://console.cloud.google.com/cloud-build/builds;region=us-central1/03f06105-2569-49c2-9db2-b77bbf7317f3?project=580440551087"},{"name":"SERVICE","state":"NOT_STARTED"}]},"done":false}
[debug] [2023-10-18T22:03:38.362Z] [update-default-us-central1-placesNearby] Retrying task index 0
[debug] [2023-10-18T22:03:38.364Z] >>> [apiv2][query] GET https://cloudfunctions.googleapis.com/v2/projects/catalog-12a8d/locations/us-central1/operations/operation-1697666580082-60804cd73eeac-a4ba5d53-efd26ad7 [none]
[debug] [2023-10-18T22:03:38.417Z] [update-default-us-central1-geocode] Retrying task index 0
[debug] [2023-10-18T22:03:38.418Z] >>> [apiv2][query] GET https://cloudfunctions.googleapis.com/v2/projects/catalog-12a8d/locations/us-central1/operations/operation-1697666580089-60804cd740a6c-12c7a1f7-64efbd74 [none]
[debug] [2023-10-18T22:03:38.679Z] <<< [apiv2][status] GET https://cloudfunctions.googleapis.com/v2/projects/catalog-12a8d/locations/us-central1/operations/operation-1697666580082-60804cd73eeac-a4ba5d53-efd26ad7 200
[debug] [2023-10-18T22:03:38.679Z] <<< [apiv2][body] GET https://cloudfunctions.googleapis.com/v2/projects/catalog-12a8d/locations/us-central1/operations/operation-1697666580082-60804cd73eeac-a4ba5d53-efd26ad7 {"name":"projects/catalog-12a8d/locations/us-central1/operations/operation-1697666580082-60804cd73eeac-a4ba5d53-efd26ad7","metadata":{"@type":"type.googleapis.com/google.cloud.functions.v2.OperationMetadata","createTime":"2023-10-18T22:03:00.893687483Z","target":"projects/catalog-12a8d/locations/us-central1/functions/placesNearby","verb":"update","cancelRequested":false,"apiVersion":"v2","requestResource":{"@type":"type.googleapis.com/google.cloud.functions.v2.Function","name":"projects/catalog-12a8d/locations/us-central1/functions/placesNearby","buildConfig":{"runtime":"nodejs18","entryPoint":"placesNearby","source":{"storageSource":{"bucket":"gcf-v2-sources-580440551087-us-central1","object":"placesNearby/function-source.zip","generation":"1697666580858614"}},"environmentVariables":{"GOOGLE_NODE_RUN_SCRIPTS":""},"sourceProvenance":{"resolvedStorageSource":{"bucket":"gcf-v2-sources-580440551087-us-central1","object":"placesNearby/function-source.zip","generation":"1697482369624562"}},"dockerRegistry":"ARTIFACT_REGISTRY"},"serviceConfig":{"service":"projects/catalog-12a8d/locations/us-central1/services/placesnearby","timeoutSeconds":60,"environmentVariables":{"MAPS_API_KEY_GCP":"AIzaSyBTcq3aO0Cv4Pv7p5_iT8Gbf6PfKT8MEVM","FIREBASE_CONFIG":"{\"projectId\":\"catalog-12a8d\",\"storageBucket\":\"catalog-12a8d.appspot.com\"}","GCLOUD_PROJECT":"catalog-12a8d","EVENTARC_CLOUD_EVENT_SOURCE":"projects/catalog-12a8d/locations/us-central1/services/placesNearby"},"maxInstanceCount":100,"ingressSettings":"ALLOW_ALL","uri":"https://placesnearby-4pua46p62a-uc.a.run.app","serviceAccountEmail":"580440551087-compute@developer.gserviceaccount.com","availableMemory":"256Mi","allTrafficOnLatestRevision":true,"revision":"placesnearby-00001-pas","maxInstanceRequestConcurrency":80,"availableCpu":"1"},"state":"ACTIVE","labels":{"deployment-tool":"cli-firebase","firebase-functions-hash":"f880aba25a37d2760be600ea6d6c376064ff7be2"},"environment":"GEN_2","url":"https://us-central1-catalog-12a8d.cloudfunctions.net/placesNearby"},"stages":[{"name":"BUILD","message":"Build in progress","state":"IN_PROGRESS","resource":"projects/580440551087/locations/us-central1/builds/97c96d6c-f0ea-44af-995a-ce73133d488a","resourceUri":"https://console.cloud.google.com/cloud-build/builds;region=us-central1/97c96d6c-f0ea-44af-995a-ce73133d488a?project=580440551087"},{"name":"SERVICE","state":"NOT_STARTED"}]},"done":false}
[debug] [2023-10-18T22:03:38.727Z] <<< [apiv2][status] GET https://cloudfunctions.googleapis.com/v2/projects/catalog-12a8d/locations/us-central1/operations/operation-1697666580089-60804cd740a6c-12c7a1f7-64efbd74 200
[debug] [2023-10-18T22:03:38.727Z] <<< [apiv2][body] GET https://cloudfunctions.googleapis.com/v2/projects/catalog-12a8d/locations/us-central1/operations/operation-1697666580089-60804cd740a6c-12c7a1f7-64efbd74 {"name":"projects/catalog-12a8d/locations/us-central1/operations/operation-1697666580089-60804cd740a6c-12c7a1f7-64efbd74","metadata":{"@type":"type.googleapis.com/google.cloud.functions.v2.OperationMetadata","createTime":"2023-10-18T22:03:00.986301459Z","target":"projects/catalog-12a8d/locations/us-central1/functions/geocode","verb":"update","cancelRequested":false,"apiVersion":"v2","requestResource":{"@type":"type.googleapis.com/google.cloud.functions.v2.Function","name":"projects/catalog-12a8d/locations/us-central1/functions/geocode","buildConfig":{"runtime":"nodejs18","entryPoint":"geocode","source":{"storageSource":{"bucket":"gcf-v2-sources-580440551087-us-central1","object":"geocode/function-source.zip","generation":"1697666580946374"}},"environmentVariables":{"GOOGLE_NODE_RUN_SCRIPTS":""},"sourceProvenance":{"resolvedStorageSource":{"bucket":"gcf-v2-sources-580440551087-us-central1","object":"geocode/function-source.zip","generation":"1697482369727851"}},"dockerRegistry":"ARTIFACT_REGISTRY"},"serviceConfig":{"service":"projects/catalog-12a8d/locations/us-central1/services/geocode","timeoutSeconds":60,"environmentVariables":{"MAPS_API_KEY_GCP":"AIzaSyBTcq3aO0Cv4Pv7p5_iT8Gbf6PfKT8MEVM","FIREBASE_CONFIG":"{\"projectId\":\"catalog-12a8d\",\"storageBucket\":\"catalog-12a8d.appspot.com\"}","GCLOUD_PROJECT":"catalog-12a8d","EVENTARC_CLOUD_EVENT_SOURCE":"projects/catalog-12a8d/locations/us-central1/services/geocode"},"maxInstanceCount":100,"ingressSettings":"ALLOW_ALL","uri":"https://geocode-4pua46p62a-uc.a.run.app","serviceAccountEmail":"580440551087-compute@developer.gserviceaccount.com","availableMemory":"256Mi","allTrafficOnLatestRevision":true,"revision":"geocode-00001-qal","maxInstanceRequestConcurrency":80,"availableCpu":"1"},"state":"ACTIVE","labels":{"deployment-tool":"cli-firebase","firebase-functions-hash":"f880aba25a37d2760be600ea6d6c376064ff7be2"},"environment":"GEN_2","url":"https://us-central1-catalog-12a8d.cloudfunctions.net/geocode"},"stages":[{"name":"BUILD","message":"Build in progress","state":"IN_PROGRESS","resource":"projects/580440551087/locations/us-central1/builds/03f06105-2569-49c2-9db2-b77bbf7317f3","resourceUri":"https://console.cloud.google.com/cloud-build/builds;region=us-central1/03f06105-2569-49c2-9db2-b77bbf7317f3?project=580440551087"},{"name":"SERVICE","state":"NOT_STARTED"}]},"done":false}
[debug] [2023-10-18T22:03:48.688Z] [update-default-us-central1-placesNearby] Retrying task index 0
[debug] [2023-10-18T22:03:48.689Z] >>> [apiv2][query] GET https://cloudfunctions.googleapis.com/v2/projects/catalog-12a8d/locations/us-central1/operations/operation-1697666580082-60804cd73eeac-a4ba5d53-efd26ad7 [none]
[debug] [2023-10-18T22:03:48.728Z] [update-default-us-central1-geocode] Retrying task index 0
[debug] [2023-10-18T22:03:48.728Z] >>> [apiv2][query] GET https://cloudfunctions.googleapis.com/v2/projects/catalog-12a8d/locations/us-central1/operations/operation-1697666580089-60804cd740a6c-12c7a1f7-64efbd74 [none]
[debug] [2023-10-18T22:03:49.013Z] <<< [apiv2][status] GET https://cloudfunctions.googleapis.com/v2/projects/catalog-12a8d/locations/us-central1/operations/operation-1697666580082-60804cd73eeac-a4ba5d53-efd26ad7 200
[debug] [2023-10-18T22:03:49.013Z] <<< [apiv2][body] GET https://cloudfunctions.googleapis.com/v2/projects/catalog-12a8d/locations/us-central1/operations/operation-1697666580082-60804cd73eeac-a4ba5d53-efd26ad7 {"name":"projects/catalog-12a8d/locations/us-central1/operations/operation-1697666580082-60804cd73eeac-a4ba5d53-efd26ad7","metadata":{"@type":"type.googleapis.com/google.cloud.functions.v2.OperationMetadata","createTime":"2023-10-18T22:03:00.893687483Z","target":"projects/catalog-12a8d/locations/us-central1/functions/placesNearby","verb":"update","cancelRequested":false,"apiVersion":"v2","requestResource":{"@type":"type.googleapis.com/google.cloud.functions.v2.Function","name":"projects/catalog-12a8d/locations/us-central1/functions/placesNearby","buildConfig":{"runtime":"nodejs18","entryPoint":"placesNearby","source":{"storageSource":{"bucket":"gcf-v2-sources-580440551087-us-central1","object":"placesNearby/function-source.zip","generation":"1697666580858614"}},"environmentVariables":{"GOOGLE_NODE_RUN_SCRIPTS":""},"sourceProvenance":{"resolvedStorageSource":{"bucket":"gcf-v2-sources-580440551087-us-central1","object":"placesNearby/function-source.zip","generation":"1697482369624562"}},"dockerRegistry":"ARTIFACT_REGISTRY"},"serviceConfig":{"service":"projects/catalog-12a8d/locations/us-central1/services/placesnearby","timeoutSeconds":60,"environmentVariables":{"MAPS_API_KEY_GCP":"AIzaSyBTcq3aO0Cv4Pv7p5_iT8Gbf6PfKT8MEVM","FIREBASE_CONFIG":"{\"projectId\":\"catalog-12a8d\",\"storageBucket\":\"catalog-12a8d.appspot.com\"}","GCLOUD_PROJECT":"catalog-12a8d","EVENTARC_CLOUD_EVENT_SOURCE":"projects/catalog-12a8d/locations/us-central1/services/placesNearby"},"maxInstanceCount":100,"ingressSettings":"ALLOW_ALL","uri":"https://placesnearby-4pua46p62a-uc.a.run.app","serviceAccountEmail":"580440551087-compute@developer.gserviceaccount.com","availableMemory":"256Mi","allTrafficOnLatestRevision":true,"revision":"placesnearby-00001-pas","maxInstanceRequestConcurrency":80,"availableCpu":"1"},"state":"ACTIVE","labels":{"deployment-tool":"cli-firebase","firebase-functions-hash":"f880aba25a37d2760be600ea6d6c376064ff7be2"},"environment":"GEN_2","url":"https://us-central1-catalog-12a8d.cloudfunctions.net/placesNearby"},"stages":[{"name":"BUILD","message":"Build in progress","state":"IN_PROGRESS","resource":"projects/580440551087/locations/us-central1/builds/97c96d6c-f0ea-44af-995a-ce73133d488a","resourceUri":"https://console.cloud.google.com/cloud-build/builds;region=us-central1/97c96d6c-f0ea-44af-995a-ce73133d488a?project=580440551087"},{"name":"SERVICE","state":"NOT_STARTED"}]},"done":false}
[debug] [2023-10-18T22:03:49.034Z] <<< [apiv2][status] GET https://cloudfunctions.googleapis.com/v2/projects/catalog-12a8d/locations/us-central1/operations/operation-1697666580089-60804cd740a6c-12c7a1f7-64efbd74 200
[debug] [2023-10-18T22:03:49.034Z] <<< [apiv2][body] GET https://cloudfunctions.googleapis.com/v2/projects/catalog-12a8d/locations/us-central1/operations/operation-1697666580089-60804cd740a6c-12c7a1f7-64efbd74 {"name":"projects/catalog-12a8d/locations/us-central1/operations/operation-1697666580089-60804cd740a6c-12c7a1f7-64efbd74","metadata":{"@type":"type.googleapis.com/google.cloud.functions.v2.OperationMetadata","createTime":"2023-10-18T22:03:00.986301459Z","target":"projects/catalog-12a8d/locations/us-central1/functions/geocode","verb":"update","cancelRequested":false,"apiVersion":"v2","requestResource":{"@type":"type.googleapis.com/google.cloud.functions.v2.Function","name":"projects/catalog-12a8d/locations/us-central1/functions/geocode","buildConfig":{"runtime":"nodejs18","entryPoint":"geocode","source":{"storageSource":{"bucket":"gcf-v2-sources-580440551087-us-central1","object":"geocode/function-source.zip","generation":"1697666580946374"}},"environmentVariables":{"GOOGLE_NODE_RUN_SCRIPTS":""},"sourceProvenance":{"resolvedStorageSource":{"bucket":"gcf-v2-sources-580440551087-us-central1","object":"geocode/function-source.zip","generation":"1697482369727851"}},"dockerRegistry":"ARTIFACT_REGISTRY"},"serviceConfig":{"service":"projects/catalog-12a8d/locations/us-central1/services/geocode","timeoutSeconds":60,"environmentVariables":{"MAPS_API_KEY_GCP":"AIzaSyBTcq3aO0Cv4Pv7p5_iT8Gbf6PfKT8MEVM","FIREBASE_CONFIG":"{\"projectId\":\"catalog-12a8d\",\"storageBucket\":\"catalog-12a8d.appspot.com\"}","GCLOUD_PROJECT":"catalog-12a8d","EVENTARC_CLOUD_EVENT_SOURCE":"projects/catalog-12a8d/locations/us-central1/services/geocode"},"maxInstanceCount":100,"ingressSettings":"ALLOW_ALL","uri":"https://geocode-4pua46p62a-uc.a.run.app","serviceAccountEmail":"580440551087-compute@developer.gserviceaccount.com","availableMemory":"256Mi","allTrafficOnLatestRevision":true,"revision":"geocode-00001-qal","maxInstanceRequestConcurrency":80,"availableCpu":"1"},"state":"ACTIVE","labels":{"deployment-tool":"cli-firebase","firebase-functions-hash":"f880aba25a37d2760be600ea6d6c376064ff7be2"},"environment":"GEN_2","url":"https://us-central1-catalog-12a8d.cloudfunctions.net/geocode"},"stages":[{"name":"BUILD","message":"Build in progress","state":"IN_PROGRESS","resource":"projects/580440551087/locations/us-central1/builds/03f06105-2569-49c2-9db2-b77bbf7317f3","resourceUri":"https://console.cloud.google.com/cloud-build/builds;region=us-central1/03f06105-2569-49c2-9db2-b77bbf7317f3?project=580440551087"},{"name":"SERVICE","state":"NOT_STARTED"}]},"done":false}
[debug] [2023-10-18T22:03:59.014Z] [update-default-us-central1-placesNearby] Retrying task index 0
[debug] [2023-10-18T22:03:59.015Z] >>> [apiv2][query] GET https://cloudfunctions.googleapis.com/v2/projects/catalog-12a8d/locations/us-central1/operations/operation-1697666580082-60804cd73eeac-a4ba5d53-efd26ad7 [none]
[debug] [2023-10-18T22:03:59.036Z] [update-default-us-central1-geocode] Retrying task index 0
[debug] [2023-10-18T22:03:59.036Z] >>> [apiv2][query] GET https://cloudfunctions.googleapis.com/v2/projects/catalog-12a8d/locations/us-central1/operations/operation-1697666580089-60804cd740a6c-12c7a1f7-64efbd74 [none]
[debug] [2023-10-18T22:03:59.348Z] <<< [apiv2][status] GET https://cloudfunctions.googleapis.com/v2/projects/catalog-12a8d/locations/us-central1/operations/operation-1697666580089-60804cd740a6c-12c7a1f7-64efbd74 200
[debug] [2023-10-18T22:03:59.349Z] <<< [apiv2][body] GET https://cloudfunctions.googleapis.com/v2/projects/catalog-12a8d/locations/us-central1/operations/operation-1697666580089-60804cd740a6c-12c7a1f7-64efbd74 {"name":"projects/catalog-12a8d/locations/us-central1/operations/operation-1697666580089-60804cd740a6c-12c7a1f7-64efbd74","metadata":{"@type":"type.googleapis.com/google.cloud.functions.v2.OperationMetadata","createTime":"2023-10-18T22:03:00.986301459Z","endTime":"2023-10-18T22:03:50.741916078Z","target":"projects/catalog-12a8d/locations/us-central1/functions/geocode","verb":"update","cancelRequested":false,"apiVersion":"v2","requestResource":{"@type":"type.googleapis.com/google.cloud.functions.v2.Function","name":"projects/catalog-12a8d/locations/us-central1/functions/geocode","buildConfig":{"runtime":"nodejs18","entryPoint":"geocode","source":{"storageSource":{"bucket":"gcf-v2-sources-580440551087-us-central1","object":"geocode/function-source.zip","generation":"1697666580946374"}},"environmentVariables":{"GOOGLE_NODE_RUN_SCRIPTS":""},"sourceProvenance":{"resolvedStorageSource":{"bucket":"gcf-v2-sources-580440551087-us-central1","object":"geocode/function-source.zip","generation":"1697482369727851"}},"dockerRegistry":"ARTIFACT_REGISTRY"},"serviceConfig":{"service":"projects/catalog-12a8d/locations/us-central1/services/geocode","timeoutSeconds":60,"environmentVariables":{"MAPS_API_KEY_GCP":"AIzaSyBTcq3aO0Cv4Pv7p5_iT8Gbf6PfKT8MEVM","FIREBASE_CONFIG":"{\"projectId\":\"catalog-12a8d\",\"storageBucket\":\"catalog-12a8d.appspot.com\"}","GCLOUD_PROJECT":"catalog-12a8d","EVENTARC_CLOUD_EVENT_SOURCE":"projects/catalog-12a8d/locations/us-central1/services/geocode"},"maxInstanceCount":100,"ingressSettings":"ALLOW_ALL","uri":"https://geocode-4pua46p62a-uc.a.run.app","serviceAccountEmail":"580440551087-compute@developer.gserviceaccount.com","availableMemory":"256Mi","allTrafficOnLatestRevision":true,"revision":"geocode-00001-qal","maxInstanceRequestConcurrency":80,"availableCpu":"1"},"state":"ACTIVE","labels":{"deployment-tool":"cli-firebase","firebase-functions-hash":"f880aba25a37d2760be600ea6d6c376064ff7be2"},"environment":"GEN_2","url":"https://us-central1-catalog-12a8d.cloudfunctions.net/geocode"},"stages":[{"name":"SERVICE","state":"NOT_STARTED"}]},"done":true,"error":{"code":13,"message":"Build failed with status: FAILURE and message: yarn run v1.22.19\nerror Command \"plugin\" not found.\ninfo Visit https://yarnpkg.com/en/docs/cli/run for documentation about this command.. For more details see the logs at https://console.cloud.google.com/cloud-build/builds;region=us-central1/03f06105-2569-49c2-9db2-b77bbf7317f3?project=580440551087."}}
[error] Build failed with status: FAILURE and message: yarn run v1.22.19
error Command "plugin" not found.
info Visit https://yarnpkg.com/en/docs/cli/run for documentation about this command.. For more details see the logs at https://console.cloud.google.com/cloud-build/builds;region=us-central1/03f06105-2569-49c2-9db2-b77bbf7317f3?project=580440551087.
[debug] [2023-10-18T22:03:59.387Z] <<< [apiv2][status] GET https://cloudfunctions.googleapis.com/v2/projects/catalog-12a8d/locations/us-central1/operations/operation-1697666580082-60804cd73eeac-a4ba5d53-efd26ad7 200
[debug] [2023-10-18T22:03:59.387Z] <<< [apiv2][body] GET https://cloudfunctions.googleapis.com/v2/projects/catalog-12a8d/locations/us-central1/operations/operation-1697666580082-60804cd73eeac-a4ba5d53-efd26ad7 {"name":"projects/catalog-12a8d/locations/us-central1/operations/operation-1697666580082-60804cd73eeac-a4ba5d53-efd26ad7","metadata":{"@type":"type.googleapis.com/google.cloud.functions.v2.OperationMetadata","createTime":"2023-10-18T22:03:00.893687483Z","endTime":"2023-10-18T22:03:50.902106264Z","target":"projects/catalog-12a8d/locations/us-central1/functions/placesNearby","verb":"update","cancelRequested":false,"apiVersion":"v2","requestResource":{"@type":"type.googleapis.com/google.cloud.functions.v2.Function","name":"projects/catalog-12a8d/locations/us-central1/functions/placesNearby","buildConfig":{"runtime":"nodejs18","entryPoint":"placesNearby","source":{"storageSource":{"bucket":"gcf-v2-sources-580440551087-us-central1","object":"placesNearby/function-source.zip","generation":"1697666580858614"}},"environmentVariables":{"GOOGLE_NODE_RUN_SCRIPTS":""},"sourceProvenance":{"resolvedStorageSource":{"bucket":"gcf-v2-sources-580440551087-us-central1","object":"placesNearby/function-source.zip","generation":"1697482369624562"}},"dockerRegistry":"ARTIFACT_REGISTRY"},"serviceConfig":{"service":"projects/catalog-12a8d/locations/us-central1/services/placesnearby","timeoutSeconds":60,"environmentVariables":{"MAPS_API_KEY_GCP":"AIzaSyBTcq3aO0Cv4Pv7p5_iT8Gbf6PfKT8MEVM","FIREBASE_CONFIG":"{\"projectId\":\"catalog-12a8d\",\"storageBucket\":\"catalog-12a8d.appspot.com\"}","GCLOUD_PROJECT":"catalog-12a8d","EVENTARC_CLOUD_EVENT_SOURCE":"projects/catalog-12a8d/locations/us-central1/services/placesNearby"},"maxInstanceCount":100,"ingressSettings":"ALLOW_ALL","uri":"https://placesnearby-4pua46p62a-uc.a.run.app","serviceAccountEmail":"580440551087-compute@developer.gserviceaccount.com","availableMemory":"256Mi","allTrafficOnLatestRevision":true,"revision":"placesnearby-00001-pas","maxInstanceRequestConcurrency":80,"availableCpu":"1"},"state":"ACTIVE","labels":{"deployment-tool":"cli-firebase","firebase-functions-hash":"f880aba25a37d2760be600ea6d6c376064ff7be2"},"environment":"GEN_2","url":"https://us-central1-catalog-12a8d.cloudfunctions.net/placesNearby"},"stages":[{"name":"SERVICE","state":"NOT_STARTED"}]},"done":true,"error":{"code":13,"message":"Build failed with status: FAILURE and message: yarn run v1.22.19\nerror Command \"plugin\" not found.\ninfo Visit https://yarnpkg.com/en/docs/cli/run for documentation about this command.. For more details see the logs at https://console.cloud.google.com/cloud-build/builds;region=us-central1/97c96d6c-f0ea-44af-995a-ce73133d488a?project=580440551087."}}
[error] Build failed with status: FAILURE and message: yarn run v1.22.19
error Command "plugin" not found.
info Visit https://yarnpkg.com/en/docs/cli/run for documentation about this command.. For more details see the logs at https://console.cloud.google.com/cloud-build/builds;region=us-central1/97c96d6c-f0ea-44af-995a-ce73133d488a?project=580440551087.
[debug] [2023-10-18T22:03:59.404Z] Total Function Deployment time: 59725
[debug] [2023-10-18T22:03:59.404Z] 2 Functions Deployed
[debug] [2023-10-18T22:03:59.404Z] 2 Functions Errored
[debug] [2023-10-18T22:03:59.404Z] 0 Function Deployments Aborted
[debug] [2023-10-18T22:03:59.404Z] Average Function Deployment time: 59705
[info] 
[info] Functions deploy had errors with the following functions:
	geocode(us-central1)
	placesNearby(us-central1)
[debug] [2023-10-18T22:03:59.615Z] Not printing URL for HTTPS function. Typically this means it didn't match a filter or we failed deployment
[debug] [2023-10-18T22:03:59.615Z] Not printing URL for HTTPS function. Typically this means it didn't match a filter or we failed deployment
[info] i  functions: cleaning up build files... 
[debug] [2023-10-18T22:03:59.617Z] >>> [apiv2][query] DELETE https://artifactregistry.googleapis.com/v1beta2/projects/catalog-12a8d/locations/us-central1/repositories/gcf-artifacts/packages/geocode [none]
[debug] [2023-10-18T22:03:59.618Z] >>> [apiv2][query] DELETE https://artifactregistry.googleapis.com/v1beta2/projects/catalog-12a8d/locations/us-central1/repositories/gcf-artifacts/packages/places_nearby [none]
[debug] [2023-10-18T22:03:59.619Z] >>> [apiv2][query] GET https://us.gcr.io/v2/catalog-12a8d/gcf/us-central1/tags/list [none]
[debug] [2023-10-18T22:03:59.905Z] <<< [apiv2][status] GET https://us.gcr.io/v2/catalog-12a8d/gcf/us-central1/tags/list 200
[debug] [2023-10-18T22:03:59.905Z] <<< [apiv2][body] GET https://us.gcr.io/v2/catalog-12a8d/gcf/us-central1/tags/list {"child":[],"manifest":{},"name":"catalog-12a8d/gcf/us-central1","tags":[]}
[debug] [2023-10-18T22:03:59.906Z] Could not find image for function projects/catalog-12a8d/locations/us-central1/functions/geocode
[debug] [2023-10-18T22:03:59.906Z] Could not find image for function projects/catalog-12a8d/locations/us-central1/functions/placesNearby
[debug] [2023-10-18T22:03:59.971Z] <<< [apiv2][status] DELETE https://artifactregistry.googleapis.com/v1beta2/projects/catalog-12a8d/locations/us-central1/repositories/gcf-artifacts/packages/places_nearby 404
[debug] [2023-10-18T22:03:59.971Z] <<< [apiv2][body] DELETE https://artifactregistry.googleapis.com/v1beta2/projects/catalog-12a8d/locations/us-central1/repositories/gcf-artifacts/packages/places_nearby {"error":{"code":404,"message":"Package \"projects/catalog-12a8d/locations/us-central1/repositories/gcf-artifacts/packages/places_nearby\" was not found.","status":"NOT_FOUND"}}
[debug] [2023-10-18T22:03:59.976Z] <<< [apiv2][status] DELETE https://artifactregistry.googleapis.com/v1beta2/projects/catalog-12a8d/locations/us-central1/repositories/gcf-artifacts/packages/geocode 404
[debug] [2023-10-18T22:03:59.976Z] <<< [apiv2][body] DELETE https://artifactregistry.googleapis.com/v1beta2/projects/catalog-12a8d/locations/us-central1/repositories/gcf-artifacts/packages/geocode {"error":{"code":404,"message":"Package \"projects/catalog-12a8d/locations/us-central1/repositories/gcf-artifacts/packages/geocode\" was not found.","status":"NOT_FOUND"}}
[debug] [2023-10-18T22:03:59.976Z] Functions deploy failed.
[debug] [2023-10-18T22:03:59.976Z] {
  "endpoint": {
    "id": "geocode",
    "project": "catalog-12a8d",
    "region": "us-central1",
    "entryPoint": "geocode",
    "platform": "gcfv2",
    "runtime": "nodejs18",
    "httpsTrigger": {},
    "labels": {
      "deployment-tool": "cli-firebase"
    },
    "serviceAccount": null,
    "ingressSettings": null,
    "availableMemoryMb": null,
    "timeoutSeconds": null,
    "maxInstances": null,
    "minInstances": null,
    "concurrency": 80,
    "vpc": null,
    "environmentVariables": {
      "MAPS_API_KEY_GCP": "AIzaSyBTcq3aO0Cv4Pv7p5_iT8Gbf6PfKT8MEVM",
      "FIREBASE_CONFIG": "{\"projectId\":\"catalog-12a8d\",\"storageBucket\":\"catalog-12a8d.appspot.com\"}",
      "GCLOUD_PROJECT": "catalog-12a8d",
      "EVENTARC_CLOUD_EVENT_SOURCE": "projects/catalog-12a8d/locations/us-central1/services/geocode"
    },
    "codebase": "default",
    "cpu": 1,
    "securityLevel": "SECURE_ALWAYS",
    "targetedByOnly": false,
    "hash": "f880aba25a37d2760be600ea6d6c376064ff7be2"
  },
  "op": "update",
  "original": {
    "name": "FirebaseError",
    "children": [],
    "exit": 1,
    "message": "Build failed with status: FAILURE and message: yarn run v1.22.19\nerror Command \"plugin\" not found.\ninfo Visit https://yarnpkg.com/en/docs/cli/run for documentation about this command.. For more details see the logs at https://console.cloud.google.com/cloud-build/builds;region=us-central1/03f06105-2569-49c2-9db2-b77bbf7317f3?project=580440551087.",
    "status": 13,
    "code": 13
  }
}
[debug] [2023-10-18T22:03:59.976Z] {
  "endpoint": {
    "id": "placesNearby",
    "project": "catalog-12a8d",
    "region": "us-central1",
    "entryPoint": "placesNearby",
    "platform": "gcfv2",
    "runtime": "nodejs18",
    "httpsTrigger": {},
    "labels": {
      "deployment-tool": "cli-firebase"
    },
    "serviceAccount": null,
    "ingressSettings": null,
    "availableMemoryMb": null,
    "timeoutSeconds": null,
    "maxInstances": null,
    "minInstances": null,
    "concurrency": 80,
    "vpc": null,
    "environmentVariables": {
      "MAPS_API_KEY_GCP": "AIzaSyBTcq3aO0Cv4Pv7p5_iT8Gbf6PfKT8MEVM",
      "FIREBASE_CONFIG": "{\"projectId\":\"catalog-12a8d\",\"storageBucket\":\"catalog-12a8d.appspot.com\"}",
      "GCLOUD_PROJECT": "catalog-12a8d",
      "EVENTARC_CLOUD_EVENT_SOURCE": "projects/catalog-12a8d/locations/us-central1/services/placesNearby"
    },
    "codebase": "default",
    "cpu": 1,
    "securityLevel": "SECURE_ALWAYS",
    "targetedByOnly": false,
    "hash": "f880aba25a37d2760be600ea6d6c376064ff7be2"
  },
  "op": "update",
  "original": {
    "name": "FirebaseError",
    "children": [],
    "exit": 1,
    "message": "Build failed with status: FAILURE and message: yarn run v1.22.19\nerror Command \"plugin\" not found.\ninfo Visit https://yarnpkg.com/en/docs/cli/run for documentation about this command.. For more details see the logs at https://console.cloud.google.com/cloud-build/builds;region=us-central1/97c96d6c-f0ea-44af-995a-ce73133d488a?project=580440551087.",
    "status": 13,
    "code": 13
  }
}
[error] Error: There was an error deploying functions:
[error] - Error Failed to update function geocode in region us-central1
[error] - Error Failed to update function placesNearby in region us-central1
